#
# There is insufficient memory for the Java Runtime Environment to continue.
# Native memory allocation (mmap) failed to map 656408576 bytes for committing reserved memory.
# Possible reasons:
#   The system is out of physical RAM or swap space
#   The process is running with CompressedOops enabled, and the Java Heap may be blocking the growth of the native heap
# Possible solutions:
#   Reduce memory load on the system
#   Increase physical memory or swap space
#   Check if swap backing store is full
#   Decrease Java heap size (-Xmx/-Xms)
#   Decrease number of Java threads
#   Decrease Java thread stack sizes (-Xss)
#   Set larger code cache with -XX:ReservedCodeCacheSize=
#   JVM is running with Zero Based Compressed Oops mode in which the Java heap is
#     placed in the first 32GB address space. The Java Heap base address is the
#     maximum limit for the native heap growth. Please use -XX:HeapBaseMinAddress
#     to set the Java Heap base and to place the Java Heap above 32GB virtual address.
# This output file may be truncated or incomplete.
#
#  Out of Memory Error (os_linux.cpp:2832), pid=17349, tid=17357
#
# JRE version: OpenJDK Runtime Environment (17.0.9) (build 17.0.9+0-17.0.9b1087.7-11185874)
# Java VM: OpenJDK 64-Bit Server VM (17.0.9+0-17.0.9b1087.7-11185874, mixed mode, tiered, compressed oops, compressed class ptrs, g1 gc, linux-amd64)
# Core dump will be written. Default location: Core dumps may be processed with "/usr/share/apport/apport -p%p -s%s -c%c -d%d -P%P -u%u -g%g -- %E" (or dumping to /home/user/AndroidStudioProjects/ShindindiDatingApp/core.17349)
#

---------------  S U M M A R Y ------------

Command Line: org.jetbrains.kotlin.cli.jvm.K2JVMCompiler @/home/user/AndroidStudioProjects/ShindindiDatingApp/app/build/20240312_9254362717513211160.compiler.options

Host: Intel(R) Core(TM) i5-6300U CPU @ 2.40GHz, 4 cores, 15G, Ubuntu 18.04.1 LTS
Time: Tue Mar 12 14:39:18 2024 IST elapsed time: 76.629608 seconds (0d 0h 1m 16s)

---------------  T H R E A D  ---------------

Current thread (0x00007f90881c95b0):  VMThread "VM Thread" [stack: 0x00007f9069475000,0x00007f9069575000] [id=17357]

Stack: [0x00007f9069475000,0x00007f9069575000],  sp=0x00007f9069572dc0,  free space=1015k
Native frames: (J=compiled Java code, j=interpreted, Vv=VM code, C=native code)
V  [libjvm.so+0x107bb4e]  VMError::report_and_die(int, char const*, char const*, __va_list_tag*, Thread*, unsigned char*, void*, void*, char const*, int, unsigned long)+0x62e
V  [libjvm.so+0x107c0ea]  VMError::report_and_die(Thread*, char const*, int, unsigned long, VMErrorType, char const*, __va_list_tag*)+0x3a
V  [libjvm.so+0x877c2e]  report_vm_out_of_memory(char const*, int, unsigned long, VMErrorType, char const*, ...)+0xce
V  [libjvm.so+0xe15f26]  os::Linux::commit_memory_impl(char*, unsigned long, bool)+0xd6
V  [libjvm.so+0xe160f7]  os::pd_commit_memory_or_exit(char*, unsigned long, unsigned long, bool, char const*)+0x27
V  [libjvm.so+0xe109e8]  os::commit_memory_or_exit(char*, unsigned long, unsigned long, bool, char const*)+0x18
V  [libjvm.so+0x972581]  G1PageBasedVirtualSpace::commit_internal(unsigned long, unsigned long)+0x161
V  [libjvm.so+0x9727b0]  G1PageBasedVirtualSpace::commit(unsigned long, unsigned long)+0x130
V  [libjvm.so+0x97e434]  G1RegionsLargerThanCommitSizeMapper::commit_regions(unsigned int, unsigned long, WorkGang*)+0x114
V  [libjvm.so+0xa07e5f]  HeapRegionManager::commit_regions(unsigned int, unsigned long, WorkGang*)+0xaf
V  [libjvm.so+0xa07c80]  HeapRegionManager::expand(unsigned int, unsigned int, WorkGang*)+0x20
V  [libjvm.so+0xa088f8]  HeapRegionManager::expand_by(unsigned int, WorkGang*)+0x78
V  [libjvm.so+0x92d224]  G1CollectedHeap::expand(unsigned long, WorkGang*, double*)+0xd4
V  [libjvm.so+0x931f28]  G1CollectedHeap::do_collection_pause_at_safepoint_helper(double)+0x648
V  [libjvm.so+0x9318c4]  G1CollectedHeap::do_collection_pause_at_safepoint(double)+0x64
V  [libjvm.so+0x99e0cf]  VM_G1CollectForAllocation::doit()+0x6f
V  [libjvm.so+0x108067e]  VM_Operation::evaluate()+0xce
V  [libjvm.so+0x10917ff]  VMThread::evaluate_operation(VM_Operation*)+0xcf
V  [libjvm.so+0x1091d9f]  VMThread::inner_execute(VM_Operation*)+0x1df
V  [libjvm.so+0x10914fa]  VMThread::run()+0xca
V  [libjvm.so+0x100dbff]  Thread::call_run()+0xbf
V  [libjvm.so+0xe12ce9]  thread_native_entry(Thread*)+0x119

VM_Operation (0x00007f908e794aa0): G1CollectForAllocation, mode: safepoint, requested by thread 0x00007f9088027860


---------------  P R O C E S S  ---------------

Threads class SMR info:
_java_thread_list=0x00007f9034388670, length=12, elements={
0x00007f9088027860, 0x00007f90881d93d0, 0x00007f90881daa30, 0x00007f908820aba0,
0x00007f908820bf60, 0x00007f908820d380, 0x00007f90882001d0, 0x00007f90882016c0,
0x00007f9088202b40, 0x00007f90882b0da0, 0x00007f90882bc6b0, 0x00007f9034387be0
}

Java Threads: ( => current thread )
  0x00007f9088027860 JavaThread "main" [_thread_blocked, id=17351, stack(0x00007f908e697000,0x00007f908e798000)]
  0x00007f90881d93d0 JavaThread "Reference Handler" daemon [_thread_blocked, id=17358, stack(0x00007f9069373000,0x00007f9069474000)]
  0x00007f90881daa30 JavaThread "Finalizer" daemon [_thread_blocked, id=17359, stack(0x00007f9069272000,0x00007f9069373000)]
  0x00007f908820aba0 JavaThread "Signal Dispatcher" daemon [_thread_blocked, id=17360, stack(0x00007f9068e93000,0x00007f9068f94000)]
  0x00007f908820bf60 JavaThread "Service Thread" daemon [_thread_blocked, id=17361, stack(0x00007f9068d92000,0x00007f9068e93000)]
  0x00007f908820d380 JavaThread "Monitor Deflation Thread" daemon [_thread_blocked, id=17362, stack(0x00007f9068c91000,0x00007f9068d92000)]
  0x00007f90882001d0 JavaThread "C2 CompilerThread0" daemon [_thread_in_native, id=17363, stack(0x00007f9068b90000,0x00007f9068c91000)]
  0x00007f90882016c0 JavaThread "C1 CompilerThread0" daemon [_thread_blocked, id=17364, stack(0x00007f9068a8f000,0x00007f9068b90000)]
  0x00007f9088202b40 JavaThread "Sweeper thread" daemon [_thread_blocked, id=17365, stack(0x00007f906898e000,0x00007f9068a8f000)]
  0x00007f90882b0da0 JavaThread "Notification Thread" daemon [_thread_blocked, id=17366, stack(0x00007f906888d000,0x00007f906898e000)]
  0x00007f90882bc6b0 JavaThread "Common-Cleaner" daemon [_thread_blocked, id=17369, stack(0x00007f906868b000,0x00007f906878c000)]
  0x00007f9034387be0 JavaThread "C2 CompilerThread1" daemon [_thread_in_native, id=17376, stack(0x00007f9068559000,0x00007f906865a000)]

Other Threads:
=>0x00007f90881c95b0 VMThread "VM Thread" [stack: 0x00007f9069475000,0x00007f9069575000] [id=17357]
  0x00007f9088189a80 WatcherThread [stack: 0x00007f906878d000,0x00007f906888d000] [id=17367]
  0x00007f908808fcc0 GCTaskThread "GC Thread#0" [stack: 0x00007f906bf74000,0x00007f906c074000] [id=17352]
  0x00007f9048004f50 GCTaskThread "GC Thread#1" [stack: 0x00007f906803f000,0x00007f906813f000] [id=17373]
  0x00007f9048005990 GCTaskThread "GC Thread#2" [stack: 0x00007f9017f00000,0x00007f9018000000] [id=17374]
  0x00007f90480063d0 GCTaskThread "GC Thread#3" [stack: 0x00007f9017dff000,0x00007f9017eff000] [id=17375]
  0x00007f90880a07c0 ConcurrentGCThread "G1 Main Marker" [stack: 0x00007f906be73000,0x00007f906bf73000] [id=17353]
  0x00007f90880a1730 ConcurrentGCThread "G1 Conc#0" [stack: 0x00007f906bd72000,0x00007f906be72000] [id=17354]
  0x00007f9088143340 ConcurrentGCThread "G1 Refine#0" [stack: 0x00007f906986d000,0x00007f906996d000] [id=17355]
  0x00007f90540010e0 ConcurrentGCThread "G1 Refine#1" [stack: 0x00007f90179f9000,0x00007f9017af9000] [id=17377]
  0x00007f900c000cf0 ConcurrentGCThread "G1 Refine#2" [stack: 0x00007f90178f8000,0x00007f90179f8000] [id=17380]
  0x00007f9000000d30 ConcurrentGCThread "G1 Refine#3" [stack: 0x00007f90177f7000,0x00007f90178f7000] [id=17394]
  0x00007f9088144240 ConcurrentGCThread "G1 Service" [stack: 0x00007f906976c000,0x00007f906986c000] [id=17356]

Threads with active compile tasks:
C2 CompilerThread0    76739 30304       4       org.jetbrains.org.objectweb.asm.Frame::execute (2318 bytes)
C2 CompilerThread1    76739 30458       4       org.jetbrains.kotlin.backend.jvm.mapping.IrTypeMapper::computeClassInternalName (302 bytes)

VM state: at safepoint (normal execution)

VM Mutex/Monitor currently owned by a thread:  ([mutex/lock_event])
[0x00007f9088022740] Threads_lock - owner thread: 0x00007f90881c95b0
[0x00007f9088022fb0] Heap_lock - owner thread: 0x00007f9088027860

Heap address: 0x000000070ae00000, size: 3922 MB, Compressed Oops mode: Zero based, Oop shift amount: 3

CDS archive(s) not mapped
Compressed class space mapped at: 0x0000000800000000-0x0000000840000000, reserved size: 1073741824
Narrow klass base: 0x0000000800000000, Narrow klass shift: 0, Narrow klass range: 0x40000000

GC Precious Log:
 CPUs: 4 total, 4 available
 Memory: 15685M
 Large Page Support: Disabled
 NUMA Support: Disabled
 Compressed Oops: Enabled (Zero based)
 Heap Region Size: 2M
 Heap Min Capacity: 8M
 Heap Initial Capacity: 246M
 Heap Max Capacity: 3922M
 Pre-touch: Disabled
 Parallel Workers: 4
 Concurrent Workers: 1
 Concurrent Refinement Workers: 4
 Periodic GC: Disabled

Heap:
 garbage-first heap   total 501760K, used 289996K [0x000000070ae00000, 0x0000000800000000)
  region size 2048K, 7 young (14336K), 7 survivors (14336K)
 Metaspace       used 105056K, committed 105536K, reserved 1179648K
  class space    used 10953K, committed 11200K, reserved 1048576K

Heap Regions: E=young(eden), S=young(survivor), O=old, HS=humongous(starts), HC=humongous(continues), CS=collection set, F=free, OA=open archive, CA=closed archive, TAMS=top-at-mark-start (previous, next)
|   0|0x000000070ae00000, 0x000000070b000000, 0x000000070b000000|100%|HS|  |TAMS 0x000000070b000000, 0x000000070ae00000| Complete 
|   1|0x000000070b000000, 0x000000070b200000, 0x000000070b200000|100%|HC|  |TAMS 0x000000070b200000, 0x000000070b000000| Complete 
|   2|0x000000070b200000, 0x000000070b400000, 0x000000070b400000|100%| O|  |TAMS 0x000000070b400000, 0x000000070b200000| Untracked 
|   3|0x000000070b400000, 0x000000070b600000, 0x000000070b600000|100%| O|  |TAMS 0x000000070b600000, 0x000000070b400000| Untracked 
|   4|0x000000070b600000, 0x000000070b800000, 0x000000070b800000|100%|HS|  |TAMS 0x000000070b800000, 0x000000070b600000| Complete 
|   5|0x000000070b800000, 0x000000070ba00000, 0x000000070ba00000|100%|HC|  |TAMS 0x000000070ba00000, 0x000000070b800000| Complete 
|   6|0x000000070ba00000, 0x000000070bc00000, 0x000000070bc00000|100%| O|  |TAMS 0x000000070bc00000, 0x000000070ba00000| Untracked 
|   7|0x000000070bc00000, 0x000000070be00000, 0x000000070be00000|100%| O|  |TAMS 0x000000070be00000, 0x000000070bc00000| Untracked 
|   8|0x000000070be00000, 0x000000070c000000, 0x000000070c000000|100%| O|  |TAMS 0x000000070c000000, 0x000000070be00000| Untracked 
|   9|0x000000070c000000, 0x000000070c200000, 0x000000070c200000|100%| O|  |TAMS 0x000000070c200000, 0x000000070c000000| Untracked 
|  10|0x000000070c200000, 0x000000070c400000, 0x000000070c400000|100%| O|  |TAMS 0x000000070c400000, 0x000000070c200000| Untracked 
|  11|0x000000070c400000, 0x000000070c600000, 0x000000070c600000|100%| O|  |TAMS 0x000000070c600000, 0x000000070c400000| Untracked 
|  12|0x000000070c600000, 0x000000070c800000, 0x000000070c800000|100%| O|  |TAMS 0x000000070c800000, 0x000000070c600000| Untracked 
|  13|0x000000070c800000, 0x000000070ca00000, 0x000000070ca00000|100%| O|  |TAMS 0x000000070ca00000, 0x000000070c800000| Untracked 
|  14|0x000000070ca00000, 0x000000070cc00000, 0x000000070cc00000|100%| O|  |TAMS 0x000000070cc00000, 0x000000070ca00000| Untracked 
|  15|0x000000070cc00000, 0x000000070ce00000, 0x000000070ce00000|100%| O|  |TAMS 0x000000070ce00000, 0x000000070cc00000| Untracked 
|  16|0x000000070ce00000, 0x000000070d000000, 0x000000070d000000|100%| O|  |TAMS 0x000000070ce00000, 0x000000070ce00000| Untracked 
|  17|0x000000070d000000, 0x000000070d200000, 0x000000070d200000|100%| O|  |TAMS 0x000000070d200000, 0x000000070d000000| Untracked 
|  18|0x000000070d200000, 0x000000070d400000, 0x000000070d400000|100%|HS|  |TAMS 0x000000070d400000, 0x000000070d200000| Complete 
|  19|0x000000070d400000, 0x000000070d600000, 0x000000070d600000|100%| O|  |TAMS 0x000000070d600000, 0x000000070d400000| Untracked 
|  20|0x000000070d600000, 0x000000070d800000, 0x000000070d800000|100%| O|  |TAMS 0x000000070d800000, 0x000000070d600000| Untracked 
|  21|0x000000070d800000, 0x000000070da00000, 0x000000070da00000|100%| O|  |TAMS 0x000000070da00000, 0x000000070d800000| Untracked 
|  22|0x000000070da00000, 0x000000070dc00000, 0x000000070dc00000|100%| O|  |TAMS 0x000000070dc00000, 0x000000070da00000| Untracked 
|  23|0x000000070dc00000, 0x000000070de00000, 0x000000070de00000|100%| O|  |TAMS 0x000000070de00000, 0x000000070dc00000| Untracked 
|  24|0x000000070de00000, 0x000000070e000000, 0x000000070e000000|100%| O|  |TAMS 0x000000070e000000, 0x000000070de00000| Untracked 
|  25|0x000000070e000000, 0x000000070e200000, 0x000000070e200000|100%| O|  |TAMS 0x000000070e200000, 0x000000070e000000| Untracked 
|  26|0x000000070e200000, 0x000000070e400000, 0x000000070e400000|100%| O|  |TAMS 0x000000070e400000, 0x000000070e200000| Untracked 
|  27|0x000000070e400000, 0x000000070e600000, 0x000000070e600000|100%| O|  |TAMS 0x000000070e600000, 0x000000070e400000| Untracked 
|  28|0x000000070e600000, 0x000000070e800000, 0x000000070e800000|100%| O|  |TAMS 0x000000070e800000, 0x000000070e600000| Untracked 
|  29|0x000000070e800000, 0x000000070ea00000, 0x000000070ea00000|100%| O|  |TAMS 0x000000070ea00000, 0x000000070e800000| Untracked 
|  30|0x000000070ea00000, 0x000000070ec00000, 0x000000070ec00000|100%| O|  |TAMS 0x000000070ec00000, 0x000000070ea00000| Untracked 
|  31|0x000000070ec00000, 0x000000070ee00000, 0x000000070ee00000|100%| O|  |TAMS 0x000000070ee00000, 0x000000070ec00000| Untracked 
|  32|0x000000070ee00000, 0x000000070f000000, 0x000000070f000000|100%| O|  |TAMS 0x000000070f000000, 0x000000070ee00000| Untracked 
|  33|0x000000070f000000, 0x000000070f200000, 0x000000070f200000|100%| O|  |TAMS 0x000000070f200000, 0x000000070f000000| Untracked 
|  34|0x000000070f200000, 0x000000070f400000, 0x000000070f400000|100%| O|  |TAMS 0x000000070f400000, 0x000000070f200000| Untracked 
|  35|0x000000070f400000, 0x000000070f600000, 0x000000070f600000|100%| O|  |TAMS 0x000000070f600000, 0x000000070f400000| Untracked 
|  36|0x000000070f600000, 0x000000070f800000, 0x000000070f800000|100%| O|  |TAMS 0x000000070f800000, 0x000000070f600000| Untracked 
|  37|0x000000070f800000, 0x000000070fa00000, 0x000000070fa00000|100%| O|  |TAMS 0x000000070fa00000, 0x000000070f800000| Untracked 
|  38|0x000000070fa00000, 0x000000070fc00000, 0x000000070fc00000|100%| O|  |TAMS 0x000000070fc00000, 0x000000070fa00000| Untracked 
|  39|0x000000070fc00000, 0x000000070fe00000, 0x000000070fe00000|100%| O|  |TAMS 0x000000070fe00000, 0x000000070fc00000| Untracked 
|  40|0x000000070fe00000, 0x0000000710000000, 0x0000000710000000|100%| O|  |TAMS 0x0000000710000000, 0x000000070fe00000| Untracked 
|  41|0x0000000710000000, 0x0000000710200000, 0x0000000710200000|100%| O|  |TAMS 0x0000000710200000, 0x0000000710000000| Untracked 
|  42|0x0000000710200000, 0x0000000710400000, 0x0000000710400000|100%| O|  |TAMS 0x0000000710400000, 0x0000000710200000| Untracked 
|  43|0x0000000710400000, 0x0000000710600000, 0x0000000710600000|100%| O|  |TAMS 0x0000000710600000, 0x0000000710400000| Untracked 
|  44|0x0000000710600000, 0x0000000710800000, 0x0000000710800000|100%| O|  |TAMS 0x0000000710800000, 0x0000000710600000| Untracked 
|  45|0x0000000710800000, 0x0000000710a00000, 0x0000000710a00000|100%| O|  |TAMS 0x0000000710a00000, 0x0000000710800000| Untracked 
|  46|0x0000000710a00000, 0x0000000710c00000, 0x0000000710c00000|100%| O|  |TAMS 0x0000000710c00000, 0x0000000710a00000| Untracked 
|  47|0x0000000710c00000, 0x0000000710e00000, 0x0000000710e00000|100%| O|  |TAMS 0x0000000710e00000, 0x0000000710c00000| Untracked 
|  48|0x0000000710e00000, 0x0000000711000000, 0x0000000711000000|100%| O|  |TAMS 0x0000000711000000, 0x0000000710e00000| Untracked 
|  49|0x0000000711000000, 0x0000000711200000, 0x0000000711200000|100%| O|  |TAMS 0x0000000711200000, 0x0000000711000000| Untracked 
|  50|0x0000000711200000, 0x0000000711400000, 0x0000000711400000|100%| O|  |TAMS 0x0000000711400000, 0x0000000711200000| Untracked 
|  51|0x0000000711400000, 0x0000000711600000, 0x0000000711600000|100%| O|  |TAMS 0x0000000711600000, 0x0000000711400000| Untracked 
|  52|0x0000000711600000, 0x0000000711800000, 0x0000000711800000|100%| O|  |TAMS 0x0000000711800000, 0x0000000711600000| Untracked 
|  53|0x0000000711800000, 0x0000000711a00000, 0x0000000711a00000|100%| O|  |TAMS 0x0000000711a00000, 0x0000000711800000| Untracked 
|  54|0x0000000711a00000, 0x0000000711c00000, 0x0000000711c00000|100%| O|  |TAMS 0x0000000711c00000, 0x0000000711a00000| Untracked 
|  55|0x0000000711c00000, 0x0000000711e00000, 0x0000000711e00000|100%| O|  |TAMS 0x0000000711e00000, 0x0000000711c00000| Untracked 
|  56|0x0000000711e00000, 0x0000000712000000, 0x0000000712000000|100%| O|  |TAMS 0x0000000712000000, 0x0000000711e00000| Untracked 
|  57|0x0000000712000000, 0x0000000712200000, 0x0000000712200000|100%| O|  |TAMS 0x0000000712200000, 0x0000000712000000| Untracked 
|  58|0x0000000712200000, 0x0000000712400000, 0x0000000712400000|100%| O|  |TAMS 0x0000000712400000, 0x0000000712200000| Untracked 
|  59|0x0000000712400000, 0x0000000712600000, 0x0000000712600000|100%| O|  |TAMS 0x0000000712600000, 0x0000000712400000| Untracked 
|  60|0x0000000712600000, 0x0000000712800000, 0x0000000712800000|100%| O|  |TAMS 0x0000000712800000, 0x0000000712600000| Untracked 
|  61|0x0000000712800000, 0x0000000712a00000, 0x0000000712a00000|100%| O|  |TAMS 0x0000000712a00000, 0x0000000712800000| Untracked 
|  62|0x0000000712a00000, 0x0000000712c00000, 0x0000000712c00000|100%| O|  |TAMS 0x0000000712a00000, 0x0000000712a00000| Untracked 
|  63|0x0000000712c00000, 0x0000000712e00000, 0x0000000712e00000|100%| O|  |TAMS 0x0000000712e00000, 0x0000000712c00000| Untracked 
|  64|0x0000000712e00000, 0x0000000713000000, 0x0000000713000000|100%| O|  |TAMS 0x0000000713000000, 0x0000000712e00000| Untracked 
|  65|0x0000000713000000, 0x0000000713200000, 0x0000000713200000|100%| O|  |TAMS 0x0000000713200000, 0x0000000713000000| Untracked 
|  66|0x0000000713200000, 0x0000000713400000, 0x0000000713400000|100%| O|  |TAMS 0x0000000713400000, 0x0000000713200000| Untracked 
|  67|0x0000000713400000, 0x0000000713600000, 0x0000000713600000|100%| O|  |TAMS 0x0000000713600000, 0x0000000713400000| Untracked 
|  68|0x0000000713600000, 0x0000000713800000, 0x0000000713800000|100%| O|  |TAMS 0x0000000713800000, 0x0000000713600000| Untracked 
|  69|0x0000000713800000, 0x0000000713a00000, 0x0000000713a00000|100%|HS|  |TAMS 0x0000000713a00000, 0x0000000713800000| Complete 
|  70|0x0000000713a00000, 0x0000000713c00000, 0x0000000713c00000|100%|HC|  |TAMS 0x0000000713c00000, 0x0000000713a00000| Complete 
|  71|0x0000000713c00000, 0x0000000713e00000, 0x0000000713e00000|100%|HC|  |TAMS 0x0000000713e00000, 0x0000000713c00000| Complete 
|  72|0x0000000713e00000, 0x0000000714000000, 0x0000000714000000|100%|HC|  |TAMS 0x0000000714000000, 0x0000000713e00000| Complete 
|  73|0x0000000714000000, 0x0000000714200000, 0x0000000714200000|100%|HC|  |TAMS 0x0000000714200000, 0x0000000714000000| Complete 
|  74|0x0000000714200000, 0x0000000714400000, 0x0000000714400000|100%| O|  |TAMS 0x0000000714400000, 0x0000000714200000| Untracked 
|  75|0x0000000714400000, 0x0000000714600000, 0x0000000714600000|100%| O|  |TAMS 0x0000000714600000, 0x0000000714400000| Untracked 
|  76|0x0000000714600000, 0x0000000714800000, 0x0000000714800000|100%| O|  |TAMS 0x0000000714800000, 0x0000000714600000| Untracked 
|  77|0x0000000714800000, 0x0000000714a00000, 0x0000000714a00000|100%| O|  |TAMS 0x0000000714a00000, 0x0000000714800000| Untracked 
|  78|0x0000000714a00000, 0x0000000714c00000, 0x0000000714c00000|100%| O|  |TAMS 0x0000000714c00000, 0x0000000714a00000| Untracked 
|  79|0x0000000714c00000, 0x0000000714e00000, 0x0000000714e00000|100%| O|  |TAMS 0x0000000714e00000, 0x0000000714c00000| Untracked 
|  80|0x0000000714e00000, 0x0000000715000000, 0x0000000715000000|100%| O|  |TAMS 0x0000000715000000, 0x0000000714e00000| Untracked 
|  81|0x0000000715000000, 0x0000000715200000, 0x0000000715200000|100%| O|  |TAMS 0x0000000715200000, 0x0000000715000000| Untracked 
|  82|0x0000000715200000, 0x0000000715400000, 0x0000000715400000|100%| O|  |TAMS 0x0000000715400000, 0x0000000715200000| Untracked 
|  83|0x0000000715400000, 0x0000000715600000, 0x0000000715600000|100%| O|  |TAMS 0x0000000715600000, 0x0000000715400000| Untracked 
|  84|0x0000000715600000, 0x0000000715800000, 0x0000000715800000|100%| O|  |TAMS 0x0000000715800000, 0x0000000715600000| Untracked 
|  85|0x0000000715800000, 0x0000000715a00000, 0x0000000715a00000|100%| O|  |TAMS 0x0000000715a00000, 0x0000000715800000| Untracked 
|  86|0x0000000715a00000, 0x0000000715c00000, 0x0000000715c00000|100%| O|  |TAMS 0x0000000715c00000, 0x0000000715a00000| Untracked 
|  87|0x0000000715c00000, 0x0000000715e00000, 0x0000000715e00000|100%| O|  |TAMS 0x0000000715e00000, 0x0000000715c00000| Untracked 
|  88|0x0000000715e00000, 0x0000000716000000, 0x0000000716000000|100%| O|  |TAMS 0x0000000716000000, 0x0000000715e00000| Untracked 
|  89|0x0000000716000000, 0x0000000716200000, 0x0000000716200000|100%| O|  |TAMS 0x0000000716200000, 0x0000000716000000| Untracked 
|  90|0x0000000716200000, 0x0000000716400000, 0x0000000716400000|100%| O|  |TAMS 0x0000000716200000, 0x0000000716200000| Untracked 
|  91|0x0000000716400000, 0x0000000716600000, 0x0000000716600000|100%| O|  |TAMS 0x0000000716600000, 0x0000000716400000| Untracked 
|  92|0x0000000716600000, 0x0000000716800000, 0x0000000716800000|100%| O|  |TAMS 0x0000000716800000, 0x0000000716600000| Untracked 
|  93|0x0000000716800000, 0x0000000716a00000, 0x0000000716a00000|100%| O|  |TAMS 0x0000000716a00000, 0x0000000716800000| Untracked 
|  94|0x0000000716a00000, 0x0000000716c00000, 0x0000000716c00000|100%| O|  |TAMS 0x0000000716c00000, 0x0000000716a00000| Untracked 
|  95|0x0000000716c00000, 0x0000000716e00000, 0x0000000716e00000|100%| O|  |TAMS 0x0000000716e00000, 0x0000000716c00000| Untracked 
|  96|0x0000000716e00000, 0x0000000717000000, 0x0000000717000000|100%| O|  |TAMS 0x0000000717000000, 0x0000000716e00000| Untracked 
|  97|0x0000000717000000, 0x0000000717200000, 0x0000000717200000|100%| O|  |TAMS 0x0000000717200000, 0x0000000717000000| Untracked 
|  98|0x0000000717200000, 0x0000000717400000, 0x0000000717400000|100%| O|  |TAMS 0x0000000717400000, 0x0000000717200000| Untracked 
|  99|0x0000000717400000, 0x0000000717600000, 0x0000000717600000|100%| O|  |TAMS 0x0000000717600000, 0x0000000717400000| Untracked 
| 100|0x0000000717600000, 0x0000000717800000, 0x0000000717800000|100%| O|  |TAMS 0x0000000717800000, 0x0000000717600000| Untracked 
| 101|0x0000000717800000, 0x0000000717a00000, 0x0000000717a00000|100%| O|  |TAMS 0x0000000717a00000, 0x0000000717800000| Untracked 
| 102|0x0000000717a00000, 0x0000000717c00000, 0x0000000717c00000|100%| O|  |TAMS 0x0000000717c00000, 0x0000000717a00000| Untracked 
| 103|0x0000000717c00000, 0x0000000717e00000, 0x0000000717e00000|100%| O|  |TAMS 0x0000000717e00000, 0x0000000717c00000| Untracked 
| 104|0x0000000717e00000, 0x0000000718000000, 0x0000000718000000|100%| O|  |TAMS 0x0000000718000000, 0x0000000717e00000| Untracked 
| 105|0x0000000718000000, 0x0000000718200000, 0x0000000718200000|100%| O|  |TAMS 0x0000000718200000, 0x0000000718000000| Untracked 
| 106|0x0000000718200000, 0x0000000718400000, 0x0000000718400000|100%| O|  |TAMS 0x0000000718400000, 0x0000000718200000| Untracked 
| 107|0x0000000718400000, 0x0000000718600000, 0x0000000718600000|100%| O|  |TAMS 0x0000000718600000, 0x0000000718400000| Untracked 
| 108|0x0000000718600000, 0x0000000718800000, 0x0000000718800000|100%| O|  |TAMS 0x0000000718779000, 0x0000000718600000| Untracked 
| 109|0x0000000718800000, 0x0000000718a00000, 0x0000000718a00000|100%| O|  |TAMS 0x0000000718800000, 0x0000000718800000| Untracked 
| 110|0x0000000718a00000, 0x0000000718c00000, 0x0000000718c00000|100%| O|  |TAMS 0x0000000718a00000, 0x0000000718a00000| Untracked 
| 111|0x0000000718c00000, 0x0000000718e00000, 0x0000000718e00000|100%| O|  |TAMS 0x0000000718c00000, 0x0000000718c00000| Untracked 
| 112|0x0000000718e00000, 0x0000000719000000, 0x0000000719000000|100%| O|  |TAMS 0x0000000718e00000, 0x0000000718e00000| Untracked 
| 113|0x0000000719000000, 0x0000000719200000, 0x0000000719200000|100%| O|  |TAMS 0x0000000719000000, 0x0000000719000000| Untracked 
| 114|0x0000000719200000, 0x0000000719400000, 0x0000000719400000|100%| O|  |TAMS 0x0000000719200000, 0x0000000719200000| Untracked 
| 115|0x0000000719400000, 0x0000000719600000, 0x0000000719600000|100%| O|  |TAMS 0x0000000719400000, 0x0000000719400000| Untracked 
| 116|0x0000000719600000, 0x0000000719800000, 0x0000000719800000|100%| O|  |TAMS 0x0000000719600000, 0x0000000719600000| Untracked 
| 117|0x0000000719800000, 0x0000000719a00000, 0x0000000719a00000|100%| O|  |TAMS 0x0000000719800000, 0x0000000719800000| Untracked 
| 118|0x0000000719a00000, 0x0000000719c00000, 0x0000000719c00000|100%| O|  |TAMS 0x0000000719a00000, 0x0000000719a00000| Untracked 
| 119|0x0000000719c00000, 0x0000000719e00000, 0x0000000719e00000|100%| O|  |TAMS 0x0000000719c00000, 0x0000000719c00000| Untracked 
| 120|0x0000000719e00000, 0x000000071a000000, 0x000000071a000000|100%| O|  |TAMS 0x0000000719e00000, 0x0000000719e00000| Untracked 
| 121|0x000000071a000000, 0x000000071a200000, 0x000000071a200000|100%| O|  |TAMS 0x000000071a000000, 0x000000071a000000| Untracked 
| 122|0x000000071a200000, 0x000000071a400000, 0x000000071a400000|100%| O|  |TAMS 0x000000071a200000, 0x000000071a200000| Untracked 
| 123|0x000000071a400000, 0x000000071a600000, 0x000000071a600000|100%| O|  |TAMS 0x000000071a400000, 0x000000071a400000| Untracked 
| 124|0x000000071a600000, 0x000000071a800000, 0x000000071a800000|100%| O|  |TAMS 0x000000071a600000, 0x000000071a600000| Untracked 
| 125|0x000000071a800000, 0x000000071aa00000, 0x000000071aa00000|100%| O|  |TAMS 0x000000071a800000, 0x000000071a800000| Untracked 
| 126|0x000000071aa00000, 0x000000071ac00000, 0x000000071ac00000|100%| O|  |TAMS 0x000000071aa00000, 0x000000071aa00000| Untracked 
| 127|0x000000071ac00000, 0x000000071ae00000, 0x000000071ae00000|100%| O|  |TAMS 0x000000071ac00000, 0x000000071ac00000| Untracked 
| 128|0x000000071ae00000, 0x000000071b000000, 0x000000071b000000|100%| O|  |TAMS 0x000000071ae00000, 0x000000071ae00000| Untracked 
| 129|0x000000071b000000, 0x000000071b200000, 0x000000071b200000|100%| O|  |TAMS 0x000000071b000000, 0x000000071b000000| Untracked 
| 130|0x000000071b200000, 0x000000071b400000, 0x000000071b400000|100%| O|  |TAMS 0x000000071b200000, 0x000000071b200000| Untracked 
| 131|0x000000071b400000, 0x000000071b600000, 0x000000071b600000|100%| O|  |TAMS 0x000000071b400000, 0x000000071b400000| Untracked 
| 132|0x000000071b600000, 0x000000071b800000, 0x000000071b800000|100%| O|  |TAMS 0x000000071b600000, 0x000000071b600000| Untracked 
| 133|0x000000071b800000, 0x000000071ba00000, 0x000000071ba00000|100%| O|  |TAMS 0x000000071b800000, 0x000000071b800000| Untracked 
| 134|0x000000071ba00000, 0x000000071bbe7200, 0x000000071bc00000| 95%| O|  |TAMS 0x000000071ba00000, 0x000000071ba00000| Untracked 
| 135|0x000000071bc00000, 0x000000071bc00000, 0x000000071be00000|  0%| F|  |TAMS 0x000000071bc00000, 0x000000071bc00000| Untracked 
| 136|0x000000071be00000, 0x000000071be00000, 0x000000071c000000|  0%| F|  |TAMS 0x000000071be00000, 0x000000071be00000| Untracked 
| 137|0x000000071c000000, 0x000000071c000000, 0x000000071c200000|  0%| F|  |TAMS 0x000000071c000000, 0x000000071c000000| Untracked 
| 138|0x000000071c200000, 0x000000071c200000, 0x000000071c400000|  0%| F|  |TAMS 0x000000071c200000, 0x000000071c200000| Untracked 
| 139|0x000000071c400000, 0x000000071c400000, 0x000000071c600000|  0%| F|  |TAMS 0x000000071c400000, 0x000000071c400000| Untracked 
| 140|0x000000071c600000, 0x000000071c600000, 0x000000071c800000|  0%| F|  |TAMS 0x000000071c600000, 0x000000071c600000| Untracked 
| 141|0x000000071c800000, 0x000000071c800000, 0x000000071ca00000|  0%| F|  |TAMS 0x000000071c800000, 0x000000071c800000| Untracked 
| 142|0x000000071ca00000, 0x000000071ca00000, 0x000000071cc00000|  0%| F|  |TAMS 0x000000071ca00000, 0x000000071ca00000| Untracked 
| 143|0x000000071cc00000, 0x000000071cc00000, 0x000000071ce00000|  0%| F|  |TAMS 0x000000071cc00000, 0x000000071cc00000| Untracked 
| 144|0x000000071ce00000, 0x000000071ce00000, 0x000000071d000000|  0%| F|  |TAMS 0x000000071ce00000, 0x000000071ce00000| Untracked 
| 145|0x000000071d000000, 0x000000071d000000, 0x000000071d200000|  0%| F|  |TAMS 0x000000071d000000, 0x000000071d000000| Untracked 
| 146|0x000000071d200000, 0x000000071d200000, 0x000000071d400000|  0%| F|  |TAMS 0x000000071d200000, 0x000000071d200000| Untracked 
| 147|0x000000071d400000, 0x000000071d400000, 0x000000071d600000|  0%| F|  |TAMS 0x000000071d400000, 0x000000071d400000| Untracked 
| 148|0x000000071d600000, 0x000000071d600000, 0x000000071d800000|  0%| F|  |TAMS 0x000000071d600000, 0x000000071d600000| Untracked 
| 149|0x000000071d800000, 0x000000071d800000, 0x000000071da00000|  0%| F|  |TAMS 0x000000071d800000, 0x000000071d800000| Untracked 
| 150|0x000000071da00000, 0x000000071da00000, 0x000000071dc00000|  0%| F|  |TAMS 0x000000071da00000, 0x000000071da00000| Untracked 
| 151|0x000000071dc00000, 0x000000071dc00000, 0x000000071de00000|  0%| F|  |TAMS 0x000000071dc00000, 0x000000071dc00000| Untracked 
| 152|0x000000071de00000, 0x000000071de00000, 0x000000071e000000|  0%| F|  |TAMS 0x000000071de00000, 0x000000071de00000| Untracked 
| 153|0x000000071e000000, 0x000000071e000000, 0x000000071e200000|  0%| F|  |TAMS 0x000000071e000000, 0x000000071e000000| Untracked 
| 154|0x000000071e200000, 0x000000071e200000, 0x000000071e400000|  0%| F|  |TAMS 0x000000071e200000, 0x000000071e200000| Untracked 
| 155|0x000000071e400000, 0x000000071e400000, 0x000000071e600000|  0%| F|  |TAMS 0x000000071e400000, 0x000000071e400000| Untracked 
| 156|0x000000071e600000, 0x000000071e600000, 0x000000071e800000|  0%| F|  |TAMS 0x000000071e600000, 0x000000071e600000| Untracked 
| 157|0x000000071e800000, 0x000000071e800000, 0x000000071ea00000|  0%| F|  |TAMS 0x000000071e800000, 0x000000071e800000| Untracked 
| 158|0x000000071ea00000, 0x000000071ea00000, 0x000000071ec00000|  0%| F|  |TAMS 0x000000071ea00000, 0x000000071ea00000| Untracked 
| 159|0x000000071ec00000, 0x000000071ec00000, 0x000000071ee00000|  0%| F|  |TAMS 0x000000071ec00000, 0x000000071ec00000| Untracked 
| 160|0x000000071ee00000, 0x000000071ee00000, 0x000000071f000000|  0%| F|  |TAMS 0x000000071ee00000, 0x000000071ee00000| Untracked 
| 161|0x000000071f000000, 0x000000071f000000, 0x000000071f200000|  0%| F|  |TAMS 0x000000071f000000, 0x000000071f000000| Untracked 
| 162|0x000000071f200000, 0x000000071f200000, 0x000000071f400000|  0%| F|  |TAMS 0x000000071f200000, 0x000000071f200000| Untracked 
| 163|0x000000071f400000, 0x000000071f400000, 0x000000071f600000|  0%| F|  |TAMS 0x000000071f400000, 0x000000071f400000| Untracked 
| 164|0x000000071f600000, 0x000000071f600000, 0x000000071f800000|  0%| F|  |TAMS 0x000000071f600000, 0x000000071f600000| Untracked 
| 165|0x000000071f800000, 0x000000071f800000, 0x000000071fa00000|  0%| F|  |TAMS 0x000000071f800000, 0x000000071f800000| Untracked 
| 166|0x000000071fa00000, 0x000000071fb4beb0, 0x000000071fc00000| 64%| S|CS|TAMS 0x000000071fa00000, 0x000000071fa00000| Complete 
| 167|0x000000071fc00000, 0x000000071fe00000, 0x000000071fe00000|100%| S|CS|TAMS 0x000000071fc00000, 0x000000071fc00000| Complete 
| 168|0x000000071fe00000, 0x0000000720000000, 0x0000000720000000|100%| S|CS|TAMS 0x000000071fe00000, 0x000000071fe00000| Complete 
| 169|0x0000000720000000, 0x0000000720200000, 0x0000000720200000|100%| S|CS|TAMS 0x0000000720000000, 0x0000000720000000| Complete 
| 170|0x0000000720200000, 0x0000000720400000, 0x0000000720400000|100%| S|CS|TAMS 0x0000000720200000, 0x0000000720200000| Complete 
| 171|0x0000000720400000, 0x0000000720600000, 0x0000000720600000|100%| S|CS|TAMS 0x0000000720400000, 0x0000000720400000| Complete 
| 172|0x0000000720600000, 0x0000000720800000, 0x0000000720800000|100%| S|CS|TAMS 0x0000000720600000, 0x0000000720600000| Complete 
| 173|0x0000000720800000, 0x0000000720800000, 0x0000000720a00000|  0%| F|  |TAMS 0x0000000720800000, 0x0000000720800000| Untracked 
| 174|0x0000000720a00000, 0x0000000720a00000, 0x0000000720c00000|  0%| F|  |TAMS 0x0000000720a00000, 0x0000000720a00000| Untracked 
| 175|0x0000000720c00000, 0x0000000720c00000, 0x0000000720e00000|  0%| F|  |TAMS 0x0000000720c00000, 0x0000000720c00000| Untracked 
| 176|0x0000000720e00000, 0x0000000720e00000, 0x0000000721000000|  0%| F|  |TAMS 0x0000000720e00000, 0x0000000720e00000| Untracked 
| 177|0x0000000721000000, 0x0000000721000000, 0x0000000721200000|  0%| F|  |TAMS 0x0000000721000000, 0x0000000721000000| Untracked 
| 178|0x0000000721200000, 0x0000000721200000, 0x0000000721400000|  0%| F|  |TAMS 0x0000000721200000, 0x0000000721200000| Untracked 
| 179|0x0000000721400000, 0x0000000721400000, 0x0000000721600000|  0%| F|  |TAMS 0x0000000721400000, 0x0000000721400000| Untracked 
| 180|0x0000000721600000, 0x0000000721600000, 0x0000000721800000|  0%| F|  |TAMS 0x0000000721600000, 0x0000000721600000| Untracked 
| 181|0x0000000721800000, 0x0000000721800000, 0x0000000721a00000|  0%| F|  |TAMS 0x0000000721800000, 0x0000000721800000| Untracked 
| 182|0x0000000721a00000, 0x0000000721a00000, 0x0000000721c00000|  0%| F|  |TAMS 0x0000000721a00000, 0x0000000721a00000| Untracked 
| 183|0x0000000721c00000, 0x0000000721c00000, 0x0000000721e00000|  0%| F|  |TAMS 0x0000000721c00000, 0x0000000721c00000| Untracked 
| 184|0x0000000721e00000, 0x0000000721e00000, 0x0000000722000000|  0%| F|  |TAMS 0x0000000721e00000, 0x0000000721e00000| Untracked 
| 185|0x0000000722000000, 0x0000000722000000, 0x0000000722200000|  0%| F|  |TAMS 0x0000000722000000, 0x0000000722000000| Untracked 
| 186|0x0000000722200000, 0x0000000722200000, 0x0000000722400000|  0%| F|  |TAMS 0x0000000722200000, 0x0000000722200000| Untracked 
| 187|0x0000000722400000, 0x0000000722400000, 0x0000000722600000|  0%| F|  |TAMS 0x0000000722400000, 0x0000000722400000| Untracked 
| 188|0x0000000722600000, 0x0000000722600000, 0x0000000722800000|  0%| F|  |TAMS 0x0000000722600000, 0x0000000722600000| Untracked 
| 189|0x0000000722800000, 0x0000000722800000, 0x0000000722a00000|  0%| F|  |TAMS 0x0000000722800000, 0x0000000722800000| Untracked 
| 190|0x0000000722a00000, 0x0000000722a00000, 0x0000000722c00000|  0%| F|  |TAMS 0x0000000722a00000, 0x0000000722a00000| Untracked 
| 191|0x0000000722c00000, 0x0000000722c00000, 0x0000000722e00000|  0%| F|  |TAMS 0x0000000722c00000, 0x0000000722c00000| Untracked 
| 192|0x0000000722e00000, 0x0000000722e00000, 0x0000000723000000|  0%| F|  |TAMS 0x0000000722e00000, 0x0000000722e00000| Untracked 
| 193|0x0000000723000000, 0x0000000723000000, 0x0000000723200000|  0%| F|  |TAMS 0x0000000723000000, 0x0000000723000000| Untracked 
| 194|0x0000000723200000, 0x0000000723200000, 0x0000000723400000|  0%| F|  |TAMS 0x0000000723200000, 0x0000000723200000| Untracked 
| 195|0x0000000723400000, 0x0000000723400000, 0x0000000723600000|  0%| F|  |TAMS 0x0000000723400000, 0x0000000723400000| Untracked 
| 196|0x0000000723600000, 0x0000000723600000, 0x0000000723800000|  0%| F|  |TAMS 0x0000000723600000, 0x0000000723600000| Untracked 
| 197|0x0000000723800000, 0x0000000723800000, 0x0000000723a00000|  0%| F|  |TAMS 0x0000000723800000, 0x0000000723800000| Untracked 
| 198|0x0000000723a00000, 0x0000000723a00000, 0x0000000723c00000|  0%| F|  |TAMS 0x0000000723a00000, 0x0000000723a00000| Untracked 
| 199|0x0000000723c00000, 0x0000000723c00000, 0x0000000723e00000|  0%| F|  |TAMS 0x0000000723c00000, 0x0000000723c00000| Untracked 
| 200|0x0000000723e00000, 0x0000000723e00000, 0x0000000724000000|  0%| F|  |TAMS 0x0000000723e00000, 0x0000000723e00000| Untracked 
| 201|0x0000000724000000, 0x0000000724000000, 0x0000000724200000|  0%| F|  |TAMS 0x0000000724000000, 0x0000000724000000| Untracked 
| 202|0x0000000724200000, 0x0000000724200000, 0x0000000724400000|  0%| F|  |TAMS 0x0000000724200000, 0x0000000724200000| Untracked 
| 203|0x0000000724400000, 0x0000000724400000, 0x0000000724600000|  0%| F|  |TAMS 0x0000000724400000, 0x0000000724400000| Untracked 
| 204|0x0000000724600000, 0x0000000724600000, 0x0000000724800000|  0%| F|  |TAMS 0x0000000724600000, 0x0000000724600000| Untracked 
| 205|0x0000000724800000, 0x0000000724800000, 0x0000000724a00000|  0%| F|  |TAMS 0x0000000724800000, 0x0000000724800000| Untracked 
| 206|0x0000000724a00000, 0x0000000724a00000, 0x0000000724c00000|  0%| F|  |TAMS 0x0000000724a00000, 0x0000000724a00000| Untracked 
| 207|0x0000000724c00000, 0x0000000724c00000, 0x0000000724e00000|  0%| F|  |TAMS 0x0000000724c00000, 0x0000000724c00000| Untracked 
| 208|0x0000000724e00000, 0x0000000724e00000, 0x0000000725000000|  0%| F|  |TAMS 0x0000000724e00000, 0x0000000724e00000| Untracked 
| 209|0x0000000725000000, 0x0000000725000000, 0x0000000725200000|  0%| F|  |TAMS 0x0000000725000000, 0x0000000725000000| Untracked 
| 210|0x0000000725200000, 0x0000000725200000, 0x0000000725400000|  0%| F|  |TAMS 0x0000000725200000, 0x0000000725200000| Untracked 
| 211|0x0000000725400000, 0x0000000725400000, 0x0000000725600000|  0%| F|  |TAMS 0x0000000725400000, 0x0000000725400000| Untracked 
| 212|0x0000000725600000, 0x0000000725600000, 0x0000000725800000|  0%| F|  |TAMS 0x0000000725600000, 0x0000000725600000| Untracked 
| 213|0x0000000725800000, 0x0000000725800000, 0x0000000725a00000|  0%| F|  |TAMS 0x0000000725800000, 0x0000000725800000| Untracked 
| 214|0x0000000725a00000, 0x0000000725a00000, 0x0000000725c00000|  0%| F|  |TAMS 0x0000000725a00000, 0x0000000725a00000| Untracked 
| 215|0x0000000725c00000, 0x0000000725c00000, 0x0000000725e00000|  0%| F|  |TAMS 0x0000000725c00000, 0x0000000725c00000| Untracked 
| 216|0x0000000725e00000, 0x0000000725e00000, 0x0000000726000000|  0%| F|  |TAMS 0x0000000725e00000, 0x0000000725e00000| Untracked 
| 217|0x0000000726000000, 0x0000000726000000, 0x0000000726200000|  0%| F|  |TAMS 0x0000000726000000, 0x0000000726000000| Untracked 
| 218|0x0000000726200000, 0x0000000726200000, 0x0000000726400000|  0%| F|  |TAMS 0x0000000726200000, 0x0000000726200000| Untracked 
| 219|0x0000000726400000, 0x0000000726400000, 0x0000000726600000|  0%| F|  |TAMS 0x0000000726400000, 0x0000000726400000| Untracked 
| 220|0x0000000726600000, 0x0000000726600000, 0x0000000726800000|  0%| F|  |TAMS 0x0000000726600000, 0x0000000726600000| Untracked 
| 221|0x0000000726800000, 0x0000000726800000, 0x0000000726a00000|  0%| F|  |TAMS 0x0000000726800000, 0x0000000726800000| Untracked 
| 222|0x0000000726a00000, 0x0000000726a00000, 0x0000000726c00000|  0%| F|  |TAMS 0x0000000726a00000, 0x0000000726a00000| Untracked 
| 223|0x0000000726c00000, 0x0000000726c00000, 0x0000000726e00000|  0%| F|  |TAMS 0x0000000726c00000, 0x0000000726c00000| Untracked 
| 224|0x0000000726e00000, 0x0000000726e00000, 0x0000000727000000|  0%| F|  |TAMS 0x0000000726e00000, 0x0000000726e00000| Untracked 
| 225|0x0000000727000000, 0x0000000727000000, 0x0000000727200000|  0%| F|  |TAMS 0x0000000727000000, 0x0000000727000000| Untracked 
| 226|0x0000000727200000, 0x0000000727200000, 0x0000000727400000|  0%| F|  |TAMS 0x0000000727200000, 0x0000000727200000| Untracked 
| 227|0x0000000727400000, 0x0000000727400000, 0x0000000727600000|  0%| F|  |TAMS 0x0000000727400000, 0x0000000727400000| Untracked 
| 228|0x0000000727600000, 0x0000000727600000, 0x0000000727800000|  0%| F|  |TAMS 0x0000000727600000, 0x0000000727600000| Untracked 
| 229|0x0000000727800000, 0x0000000727800000, 0x0000000727a00000|  0%| F|  |TAMS 0x0000000727800000, 0x0000000727800000| Untracked 
| 230|0x0000000727a00000, 0x0000000727a00000, 0x0000000727c00000|  0%| F|  |TAMS 0x0000000727a00000, 0x0000000727a00000| Untracked 
| 231|0x0000000727c00000, 0x0000000727c00000, 0x0000000727e00000|  0%| F|  |TAMS 0x0000000727c00000, 0x0000000727c00000| Untracked 
| 232|0x0000000727e00000, 0x0000000727e00000, 0x0000000728000000|  0%| F|  |TAMS 0x0000000727e00000, 0x0000000727e00000| Untracked 
| 233|0x0000000728000000, 0x0000000728000000, 0x0000000728200000|  0%| F|  |TAMS 0x0000000728000000, 0x0000000728000000| Untracked 
| 234|0x0000000728200000, 0x0000000728200000, 0x0000000728400000|  0%| F|  |TAMS 0x0000000728200000, 0x0000000728200000| Untracked 
| 235|0x0000000728400000, 0x0000000728400000, 0x0000000728600000|  0%| F|  |TAMS 0x0000000728400000, 0x0000000728400000| Untracked 
| 236|0x0000000728600000, 0x0000000728600000, 0x0000000728800000|  0%| F|  |TAMS 0x0000000728600000, 0x0000000728600000| Untracked 
| 237|0x0000000728800000, 0x0000000728800000, 0x0000000728a00000|  0%| F|  |TAMS 0x0000000728800000, 0x0000000728800000| Untracked 
| 238|0x0000000728a00000, 0x0000000728a00000, 0x0000000728c00000|  0%| F|  |TAMS 0x0000000728a00000, 0x0000000728a00000| Untracked 
| 239|0x0000000728c00000, 0x0000000728c00000, 0x0000000728e00000|  0%| F|  |TAMS 0x0000000728c00000, 0x0000000728c00000| Untracked 
| 240|0x0000000728e00000, 0x0000000728e00000, 0x0000000729000000|  0%| F|  |TAMS 0x0000000728e00000, 0x0000000728e00000| Untracked 
| 241|0x0000000729000000, 0x0000000729000000, 0x0000000729200000|  0%| F|  |TAMS 0x0000000729000000, 0x0000000729000000| Untracked 
| 242|0x0000000729200000, 0x0000000729200000, 0x0000000729400000|  0%| F|  |TAMS 0x0000000729200000, 0x0000000729200000| Untracked 
| 243|0x0000000729400000, 0x0000000729400000, 0x0000000729600000|  0%| F|  |TAMS 0x0000000729400000, 0x0000000729400000| Untracked 
| 244|0x0000000729600000, 0x0000000729600000, 0x0000000729800000|  0%| F|  |TAMS 0x0000000729600000, 0x0000000729600000| Untracked 

Card table byte_map: [0x00007f90742ad000,0x00007f9074a56000] _byte_map_base: 0x00007f9070a56000

Marking Bits (Prev, Next): (CMBitMap*) 0x00007f9088090750, (CMBitMap*) 0x00007f9088090790
 Prev Bits: [0x00007f906fdbc000, 0x00007f9073b04000)
 Next Bits: [0x00007f906c074000, 0x00007f906fdbc000)

Polling page: 0x00007f908e7ab000

Metaspace:

Usage:
  Non-class:     91.90 MB used.
      Class:     10.70 MB used.
       Both:    102.59 MB used.

Virtual space:
  Non-class space:      128.00 MB reserved,      92.12 MB ( 72%) committed,  2 nodes.
      Class space:        1.00 GB reserved,      10.94 MB (  1%) committed,  1 nodes.
             Both:        1.12 GB reserved,     103.06 MB (  9%) committed. 

Chunk freelists:
   Non-Class:  3.12 MB
       Class:  5.11 MB
        Both:  8.23 MB

MaxMetaspaceSize: unlimited
CompressedClassSpaceSize: 1.00 GB
Initial GC threshold: 21.00 MB
Current GC threshold: 142.12 MB
CDS: off
MetaspaceReclaimPolicy: balanced
 - commit_granule_bytes: 65536.
 - commit_granule_words: 8192.
 - virtual_space_node_default_size: 8388608.
 - enlarge_chunks_in_place: 1.
 - new_chunks_are_fully_committed: 0.
 - uncommit_free_chunks: 1.
 - use_allocation_guard: 0.
 - handle_deallocations: 1.


Internal statistics:

num_allocs_failed_limit: 12.
num_arena_births: 794.
num_arena_deaths: 0.
num_vsnodes_births: 3.
num_vsnodes_deaths: 0.
num_space_committed: 1647.
num_space_uncommitted: 0.
num_chunks_returned_to_freelist: 12.
num_chunks_taken_from_freelist: 4477.
num_chunk_merges: 9.
num_chunk_splits: 3415.
num_chunks_enlarged: 2753.
num_inconsistent_stats: 0.

CodeHeap 'non-profiled nmethods': size=120032Kb used=15720Kb max_used=15739Kb free=104311Kb
 bounds [0x00007f907d1b6000, 0x00007f907e116000, 0x00007f90846ee000]
CodeHeap 'profiled nmethods': size=120028Kb used=58217Kb max_used=58675Kb free=61811Kb
 bounds [0x00007f90756ee000, 0x00007f907904e000, 0x00007f907cc25000]
CodeHeap 'non-nmethods': size=5700Kb used=1418Kb max_used=1492Kb free=4281Kb
 bounds [0x00007f907cc25000, 0x00007f907ce95000, 0x00007f907d1b6000]
 total_blobs=23182 nmethods=22432 adapters=659
 compilation: enabled
              stopped_count=0, restarted_count=0
 full_count=0

Compilation events (20 events):
Event: 76.371 Thread 0x00007f90882016c0 30467       2       org.jetbrains.kotlin.metadata.serialization.MutableTable::serialize (90 bytes)
Event: 76.372 Thread 0x00007f90882016c0 nmethod 30467 0x00007f9076290d10 code [0x00007f9076290f80, 0x00007f9076291510]
Event: 76.387 Thread 0x00007f90882016c0 30469       2       org.jetbrains.kotlin.codegen.optimization.nullCheck.RedundantNullCheckMethodTransformer$TransformerPass$NullabilityAssumptionsBuilder::injectAssumptions (174 bytes)
Event: 76.388 Thread 0x00007f90882016c0 nmethod 30469 0x00007f90789c3910 code [0x00007f90789c3be0, 0x00007f90789c4670]
Event: 76.388 Thread 0x00007f90882016c0 30470       2       org.jetbrains.kotlin.codegen.optimization.nullCheck.NullabilityInterpreter::isReifiedSafeAs (57 bytes)
Event: 76.389 Thread 0x00007f90882016c0 nmethod 30470 0x00007f90775b4190 code [0x00007f90775b43a0, 0x00007f90775b4890]
Event: 76.405 Thread 0x00007f90882016c0 30471       2       org.jetbrains.kotlin.backend.jvm.codegen.ExpressionCodegen::visitConstructorCall (10 bytes)
Event: 76.405 Thread 0x00007f90882016c0 nmethod 30471 0x00007f9075e91a90 code [0x00007f9075e91c40, 0x00007f9075e91da0]
Event: 76.405 Thread 0x00007f90882016c0 30472       2       org.jetbrains.kotlin.backend.jvm.codegen.ExpressionCodegen::visitConstructorCall (208 bytes)
Event: 76.409 Thread 0x00007f90882016c0 nmethod 30472 0x00007f9078900c90 code [0x00007f9078901260, 0x00007f9078902d10]
Event: 76.410 Thread 0x00007f90882016c0 30473       2       org.jetbrains.kotlin.codegen.optimization.nullCheck.RedundantNullCheckMethodTransformer$TransformerPass$NullabilityAssumptionsBuilder::collectVariableDependentChecks (427 bytes)
Event: 76.416 Thread 0x00007f90882016c0 nmethod 30473 0x00007f9078571b90 code [0x00007f9078571ea0, 0x00007f9078572db0]
Event: 76.416 Thread 0x00007f90882016c0 30476       2       org.jetbrains.kotlin.codegen.optimization.ConstantConditionEliminationMethodTransformer$ConstantConditionsOptimization::run (80 bytes)
Event: 76.417 Thread 0x00007f90882016c0 nmethod 30476 0x00007f90775d8110 code [0x00007f90775d8320, 0x00007f90775d8670]
Event: 76.417 Thread 0x00007f90882016c0 30474       2       java.util.regex.Pattern$Begin::match (62 bytes)
Event: 76.417 Thread 0x00007f90882016c0 nmethod 30474 0x00007f9078b87590 code [0x00007f9078b87740, 0x00007f9078b87940]
Event: 76.417 Thread 0x00007f90882016c0 30475       2       org.jetbrains.kotlin.codegen.intrinsics.TypeIntrinsics::getFunctionTypeArityByRegex (80 bytes)
Event: 76.424 Thread 0x00007f90882016c0 nmethod 30475 0x00007f90789b4610 code [0x00007f90789b4920, 0x00007f90789b5180]
Event: 76.481 Thread 0x00007f90882016c0 30478       2       org.jetbrains.org.objectweb.asm.commons.InstructionAdapter::ifne (12 bytes)
Event: 76.481 Thread 0x00007f90882016c0 nmethod 30478 0x00007f9075dcd690 code [0x00007f9075dcd840, 0x00007f9075dcd960]

GC Heap History (20 events):
Event: 51.863 GC heap after
{Heap after GC invocations=32 (full 0):
 garbage-first heap   total 417792K, used 214129K [0x000000070ae00000, 0x0000000800000000)
  region size 2048K, 7 young (14336K), 7 survivors (14336K)
 Metaspace       used 79068K, committed 79488K, reserved 1179648K
  class space    used 8794K, committed 9024K, reserved 1048576K
}
Event: 54.400 GC heap before
{Heap before GC invocations=32 (full 0):
 garbage-first heap   total 417792K, used 347249K [0x000000070ae00000, 0x0000000800000000)
  region size 2048K, 72 young (147456K), 7 survivors (14336K)
 Metaspace       used 79191K, committed 79616K, reserved 1179648K
  class space    used 8797K, committed 9024K, reserved 1048576K
}
Event: 54.448 GC heap after
{Heap after GC invocations=33 (full 0):
 garbage-first heap   total 417792K, used 223377K [0x000000070ae00000, 0x0000000800000000)
  region size 2048K, 8 young (16384K), 8 survivors (16384K)
 Metaspace       used 79191K, committed 79616K, reserved 1179648K
  class space    used 8797K, committed 9024K, reserved 1048576K
}
Event: 55.993 GC heap before
{Heap before GC invocations=33 (full 0):
 garbage-first heap   total 417792K, used 348305K [0x000000070ae00000, 0x0000000800000000)
  region size 2048K, 69 young (141312K), 8 survivors (16384K)
 Metaspace       used 79780K, committed 80128K, reserved 1179648K
  class space    used 8844K, committed 9024K, reserved 1048576K
}
Event: 56.034 GC heap after
{Heap after GC invocations=34 (full 0):
 garbage-first heap   total 417792K, used 227908K [0x000000070ae00000, 0x0000000800000000)
  region size 2048K, 7 young (14336K), 7 survivors (14336K)
 Metaspace       used 79780K, committed 80128K, reserved 1179648K
  class space    used 8844K, committed 9024K, reserved 1048576K
}
Event: 57.389 GC heap before
{Heap before GC invocations=34 (full 0):
 garbage-first heap   total 417792K, used 350788K [0x000000070ae00000, 0x0000000800000000)
  region size 2048K, 67 young (137216K), 7 survivors (14336K)
 Metaspace       used 80263K, committed 80704K, reserved 1179648K
  class space    used 8864K, committed 9088K, reserved 1048576K
}
Event: 57.413 GC heap after
{Heap after GC invocations=35 (full 0):
 garbage-first heap   total 417792K, used 230741K [0x000000070ae00000, 0x0000000800000000)
  region size 2048K, 4 young (8192K), 4 survivors (8192K)
 Metaspace       used 80263K, committed 80704K, reserved 1179648K
  class space    used 8864K, committed 9088K, reserved 1048576K
}
Event: 59.969 GC heap before
{Heap before GC invocations=35 (full 0):
 garbage-first heap   total 417792K, used 329045K [0x000000070ae00000, 0x0000000800000000)
  region size 2048K, 53 young (108544K), 4 survivors (8192K)
 Metaspace       used 86562K, committed 86976K, reserved 1179648K
  class space    used 9435K, committed 9664K, reserved 1048576K
}
Event: 60.008 GC heap after
{Heap after GC invocations=36 (full 0):
 garbage-first heap   total 501760K, used 240303K [0x000000070ae00000, 0x0000000800000000)
  region size 2048K, 9 young (18432K), 9 survivors (18432K)
 Metaspace       used 86562K, committed 86976K, reserved 1179648K
  class space    used 9435K, committed 9664K, reserved 1048576K
}
Event: 63.880 GC heap before
{Heap before GC invocations=37 (full 0):
 garbage-first heap   total 501760K, used 410287K [0x000000070ae00000, 0x0000000800000000)
  region size 2048K, 93 young (190464K), 9 survivors (18432K)
 Metaspace       used 90865K, committed 91328K, reserved 1179648K
  class space    used 9852K, committed 10112K, reserved 1048576K
}
Event: 63.957 GC heap after
{Heap after GC invocations=38 (full 0):
 garbage-first heap   total 501760K, used 264559K [0x000000070ae00000, 0x0000000800000000)
  region size 2048K, 12 young (24576K), 12 survivors (24576K)
 Metaspace       used 90865K, committed 91328K, reserved 1179648K
  class space    used 9852K, committed 10112K, reserved 1048576K
}
Event: 63.987 GC heap before
{Heap before GC invocations=38 (full 0):
 garbage-first heap   total 501760K, used 266607K [0x000000070ae00000, 0x0000000800000000)
  region size 2048K, 13 young (26624K), 12 survivors (24576K)
 Metaspace       used 90870K, committed 91328K, reserved 1179648K
  class space    used 9852K, committed 10112K, reserved 1048576K
}
Event: 64.037 GC heap after
{Heap after GC invocations=39 (full 0):
 garbage-first heap   total 501760K, used 267711K [0x000000070ae00000, 0x0000000800000000)
  region size 2048K, 2 young (4096K), 2 survivors (4096K)
 Metaspace       used 90870K, committed 91328K, reserved 1179648K
  class space    used 9852K, committed 10112K, reserved 1048576K
}
Event: 66.533 GC heap before
{Heap before GC invocations=39 (full 0):
 garbage-first heap   total 501760K, used 404927K [0x000000070ae00000, 0x0000000800000000)
  region size 2048K, 69 young (141312K), 2 survivors (4096K)
 Metaspace       used 97313K, committed 97728K, reserved 1179648K
  class space    used 10455K, committed 10688K, reserved 1048576K
}
Event: 66.561 GC heap after
{Heap after GC invocations=40 (full 0):
 garbage-first heap   total 501760K, used 267711K [0x000000070ae00000, 0x0000000800000000)
  region size 2048K, 2 young (4096K), 2 survivors (4096K)
 Metaspace       used 97313K, committed 97728K, reserved 1179648K
  class space    used 10455K, committed 10688K, reserved 1048576K
}
Event: 68.847 GC heap before
{Heap before GC invocations=40 (full 0):
 garbage-first heap   total 501760K, used 411071K [0x000000070ae00000, 0x0000000800000000)
  region size 2048K, 72 young (147456K), 2 survivors (4096K)
 Metaspace       used 99737K, committed 100160K, reserved 1179648K
  class space    used 10644K, committed 10880K, reserved 1048576K
}
Event: 68.896 GC heap after
{Heap after GC invocations=41 (full 0):
 garbage-first heap   total 501760K, used 276314K [0x000000070ae00000, 0x0000000800000000)
  region size 2048K, 7 young (14336K), 7 survivors (14336K)
 Metaspace       used 99737K, committed 100160K, reserved 1179648K
  class space    used 10644K, committed 10880K, reserved 1048576K
}
Event: 71.339 GC heap before
{Heap before GC invocations=41 (full 0):
 garbage-first heap   total 501760K, used 413530K [0x000000070ae00000, 0x0000000800000000)
  region size 2048K, 74 young (151552K), 7 survivors (14336K)
 Metaspace       used 100122K, committed 100608K, reserved 1179648K
  class space    used 10650K, committed 10880K, reserved 1048576K
}
Event: 71.409 GC heap after
{Heap after GC invocations=42 (full 0):
 garbage-first heap   total 501760K, used 282637K [0x000000070ae00000, 0x0000000800000000)
  region size 2048K, 8 young (16384K), 8 survivors (16384K)
 Metaspace       used 100122K, committed 100608K, reserved 1179648K
  class space    used 10650K, committed 10880K, reserved 1048576K
}
Event: 76.499 GC heap before
{Heap before GC invocations=42 (full 0):
 garbage-first heap   total 501760K, used 419853K [0x000000070ae00000, 0x0000000800000000)
  region size 2048K, 75 young (153600K), 8 survivors (16384K)
 Metaspace       used 105056K, committed 105536K, reserved 1179648K
  class space    used 10953K, committed 11200K, reserved 1048576K
}

Dll operation events (7 events):
Event: 0.016 Loaded shared library /snap/android-studio/150/jbr/lib/libjava.so
Event: 0.281 Loaded shared library /snap/android-studio/150/jbr/lib/libnio.so
Event: 0.339 Loaded shared library /snap/android-studio/150/jbr/lib/libzip.so
Event: 0.405 Loaded shared library /snap/android-studio/150/jbr/lib/libjimage.so
Event: 0.520 Loaded shared library /snap/android-studio/150/jbr/lib/libverify.so
Event: 0.622 Loaded shared library /tmp/libjansi-1.8.0-release-345(1.8.0)-5005997938000370024.so
Event: 2.838 Loaded shared library /snap/android-studio/150/jbr/lib/libnet.so

Deoptimization events (20 events):
Event: 75.874 Thread 0x00007f9088027860 Uncommon trap: trap_request=0xffffffde fr.pc=0x00007f907dbb0d28 relative=0x0000000000000548
Event: 75.874 Thread 0x00007f9088027860 Uncommon trap: reason=class_check action=maybe_recompile pc=0x00007f907dbb0d28 method=kotlin.sequences.DropWhileSequence$iterator$1.drop()V @ 4 c2
Event: 75.874 Thread 0x00007f9088027860 DEOPT PACKING pc=0x00007f907dbb0d28 sp=0x00007f908e7940e0
Event: 75.874 Thread 0x00007f9088027860 DEOPT UNPACKING pc=0x00007f907cc7b699 sp=0x00007f908e7940a8 mode 2
Event: 75.877 Thread 0x00007f9088027860 Uncommon trap: trap_request=0xffffffc6 fr.pc=0x00007f907d8f2e80 relative=0x0000000000000ac0
Event: 75.877 Thread 0x00007f9088027860 Uncommon trap: reason=bimorphic_or_optimized_type_check action=maybe_recompile pc=0x00007f907d8f2e80 method=org.jetbrains.kotlin.ir.util.AdditionalIrUtilsKt.isTopLevelDeclaration(Lorg/jetbrains/kotlin/ir/declarations/IrDeclaration;)Z @ 7 c2
Event: 75.877 Thread 0x00007f9088027860 DEOPT PACKING pc=0x00007f907d8f2e80 sp=0x00007f908e794600
Event: 75.877 Thread 0x00007f9088027860 DEOPT UNPACKING pc=0x00007f907cc7b699 sp=0x00007f908e794578 mode 2
Event: 75.877 Thread 0x00007f9088027860 Uncommon trap: trap_request=0xffffffc6 fr.pc=0x00007f907e00d9a8 relative=0x0000000000000c68
Event: 75.877 Thread 0x00007f9088027860 Uncommon trap: reason=bimorphic_or_optimized_type_check action=maybe_recompile pc=0x00007f907e00d9a8 method=org.jetbrains.kotlin.ir.types.IrTypeSystemContext$DefaultImpls.isUnderKotlinPackage(Lorg/jetbrains/kotlin/ir/types/IrTypeSystemContext;Lorg/jetbrai
Event: 75.877 Thread 0x00007f9088027860 DEOPT PACKING pc=0x00007f907e00d9a8 sp=0x00007f908e794370
Event: 75.877 Thread 0x00007f9088027860 DEOPT UNPACKING pc=0x00007f907cc7b699 sp=0x00007f908e794328 mode 2
Event: 76.073 Thread 0x00007f9088027860 Uncommon trap: trap_request=0xffffff45 fr.pc=0x00007f907e0bc480 relative=0x00000000000022a0
Event: 76.073 Thread 0x00007f9088027860 Uncommon trap: reason=unstable_if action=reinterpret pc=0x00007f907e0bc480 method=org.jetbrains.org.objectweb.asm.tree.analysis.Frame.execute(Lorg/jetbrains/org/objectweb/asm/tree/AbstractInsnNode;Lorg/jetbrains/org/objectweb/asm/tree/analysis/Interpreter
Event: 76.073 Thread 0x00007f9088027860 DEOPT PACKING pc=0x00007f907e0bc480 sp=0x00007f908e794f20
Event: 76.073 Thread 0x00007f9088027860 DEOPT UNPACKING pc=0x00007f907cc7b699 sp=0x00007f908e794ed8 mode 2
Event: 76.130 Thread 0x00007f9088027860 Uncommon trap: trap_request=0xffffffc6 fr.pc=0x00007f907d8f16c4 relative=0x0000000000000484
Event: 76.130 Thread 0x00007f9088027860 Uncommon trap: reason=bimorphic_or_optimized_type_check action=maybe_recompile pc=0x00007f907d8f16c4 method=org.jetbrains.kotlin.ir.util.AdditionalIrUtilsKt.isTopLevelDeclaration(Lorg/jetbrains/kotlin/ir/declarations/IrDeclaration;)Z @ 7 c2
Event: 76.130 Thread 0x00007f9088027860 DEOPT PACKING pc=0x00007f907d8f16c4 sp=0x00007f908e794410
Event: 76.130 Thread 0x00007f9088027860 DEOPT UNPACKING pc=0x00007f907cc7b699 sp=0x00007f908e7943e8 mode 2

Classes unloaded (0 events):
No events

Classes redefined (0 events):
No events

Internal exceptions (20 events):
Event: 39.987 Thread 0x00007f9088027860 Implicit null exception at 0x00007f907d7372e0 to 0x00007f907d73a0e8
Event: 43.492 Thread 0x00007f9088027860 Implicit null exception at 0x00007f907d8699a3 to 0x00007f907d86a080
Event: 48.923 Thread 0x00007f9088027860 Implicit null exception at 0x00007f907d227b00 to 0x00007f907d228110
Event: 53.836 Thread 0x00007f9088027860 Implicit null exception at 0x00007f907dd0adac to 0x00007f907dd0dcfc
Event: 57.692 Thread 0x00007f9088027860 Implicit null exception at 0x00007f907ddf3bcc to 0x00007f907ddf3c35
Event: 57.905 Thread 0x00007f9088027860 Exception <a 'java/lang/NoSuchMethodError'{0x000000072323c480}: 'java.lang.Object java.lang.invoke.DirectMethodHandle$Holder.invokeStaticInit(java.lang.Object, java.lang.Object, java.lang.Object, java.lang.Object)'> (0x000000072323c480) 
thrown [src/hotspot/share/interpreter/linkResolver.cpp, line 771]
Event: 58.378 Thread 0x00007f9088027860 Exception <a 'java/lang/NoSuchMethodError'{0x000000072104b3f0}: 'java.lang.Object java.lang.invoke.Invokers$Holder.linkToTargetMethod(java.lang.Object, java.lang.Object, int, int, java.lang.Object, java.lang.Object, java.lang.Object, java.lang.Object, java.lang.Object)'> (0x000000072104b3f0) 
thrown [src/hotspot/share/interpreter/linkResolver.cpp, line 771]
Event: 59.619 Thread 0x00007f9088027860 Exception <a 'java/lang/NoSuchMethodError'{0x000000071f35d348}: 'java.lang.Object java.lang.invoke.DirectMethodHandle$Holder.newInvokeSpecial(java.lang.Object, java.lang.Object, java.lang.Object, int, int)'> (0x000000071f35d348) 
thrown [src/hotspot/share/interpreter/linkResolver.cpp, line 771]
Event: 59.619 Thread 0x00007f9088027860 Exception <a 'java/lang/NoSuchMethodError'{0x000000071f3616d8}: 'java.lang.Object java.lang.invoke.DirectMethodHandle$Holder.invokeSpecial(java.lang.Object, java.lang.Object, java.lang.Object, java.lang.Object, int, int)'> (0x000000071f3616d8) 
thrown [src/hotspot/share/interpreter/linkResolver.cpp, line 771]
Event: 60.010 Thread 0x00007f9088027860 Exception <a 'java/lang/NoSuchMethodError'{0x000000072960a988}: 'java.lang.Object java.lang.invoke.DirectMethodHandle$Holder.invokeStatic(java.lang.Object, java.lang.Object, java.lang.Object, int, int, java.lang.Object, java.lang.Object, java.lang.Object, java.lang.Object)'> (0x000000072960a988) 
thrown [src/hotspot/share/interpreter/linkResolver.cpp, line 771]
Event: 60.011 Thread 0x00007f9088027860 Exception <a 'java/lang/NoSuchMethodError'{0x0000000729614c50}: 'java.lang.Object java.lang.invoke.DirectMethodHandle$Holder.newInvokeSpecial(java.lang.Object, java.lang.Object, java.lang.Object, int, int, java.lang.Object)'> (0x0000000729614c50) 
thrown [src/hotspot/share/interpreter/linkResolver.cpp, line 771]
Event: 60.012 Thread 0x00007f9088027860 Exception <a 'java/lang/NoSuchMethodError'{0x000000072961c5f0}: 'java.lang.Object java.lang.invoke.Invokers$Holder.linkToTargetMethod(java.lang.Object, java.lang.Object, int, int, java.lang.Object, java.lang.Object)'> (0x000000072961c5f0) 
thrown [src/hotspot/share/interpreter/linkResolver.cpp, line 771]
Event: 61.449 Thread 0x00007f9088027860 Exception <a 'java/lang/NoSuchMethodError'{0x0000000726522530}: 'java.lang.Object java.lang.invoke.DirectMethodHandle$Holder.newInvokeSpecial(java.lang.Object, java.lang.Object, int, int, java.lang.Object, java.lang.Object, java.lang.Object)'> (0x0000000726522530) 
thrown [src/hotspot/share/interpreter/linkResolver.cpp, line 771]
Event: 61.450 Thread 0x00007f9088027860 Exception <a 'java/lang/NoSuchMethodError'{0x0000000726526bc8}: 'java.lang.Object java.lang.invoke.DirectMethodHandle$Holder.invokeSpecial(java.lang.Object, java.lang.Object, java.lang.Object, int, int, java.lang.Object, java.lang.Object, java.lang.Object)'> (0x0000000726526bc8) 
thrown [src/hotspot/share/interpreter/linkResolver.cpp, line 771]
Event: 64.987 Thread 0x00007f9088027860 Implicit null exception at 0x00007f907df15555 to 0x00007f907df1560e
Event: 65.545 Thread 0x00007f9088027860 Implicit null exception at 0x00007f907da3a352 to 0x00007f907da3a3e1
Event: 65.829 Thread 0x00007f9088027860 Implicit null exception at 0x00007f907db72e07 to 0x00007f907db73200
Event: 66.873 Thread 0x00007f9088027860 Implicit null exception at 0x00007f907df7966f to 0x00007f907df79c0c
Event: 71.323 Thread 0x00007f9088027860 Implicit null exception at 0x00007f907da0d5e0 to 0x00007f907da0dc5c
Event: 74.957 Thread 0x00007f9088027860 Implicit null exception at 0x00007f907e096c6d to 0x00007f907e097438

VM Operations (20 events):
Event: 74.946 Executing VM operation: HandshakeAllThreads done
Event: 74.955 Executing VM operation: HandshakeAllThreads
Event: 74.955 Executing VM operation: HandshakeAllThreads done
Event: 75.539 Executing VM operation: HandshakeAllThreads
Event: 75.539 Executing VM operation: HandshakeAllThreads done
Event: 75.607 Executing VM operation: HandshakeAllThreads
Event: 75.608 Executing VM operation: HandshakeAllThreads done
Event: 75.613 Executing VM operation: HandshakeAllThreads
Event: 75.613 Executing VM operation: HandshakeAllThreads done
Event: 75.623 Executing VM operation: HandshakeAllThreads
Event: 75.624 Executing VM operation: HandshakeAllThreads done
Event: 75.656 Executing VM operation: ICBufferFull
Event: 75.657 Executing VM operation: ICBufferFull done
Event: 76.225 Executing VM operation: HandshakeAllThreads
Event: 76.225 Executing VM operation: HandshakeAllThreads done
Event: 76.290 Executing VM operation: ICBufferFull
Event: 76.291 Executing VM operation: ICBufferFull done
Event: 76.301 Executing VM operation: ICBufferFull
Event: 76.302 Executing VM operation: ICBufferFull done
Event: 76.499 Executing VM operation: G1CollectForAllocation

Events (20 events):
Event: 76.338 Thread 0x00007f9088202b40 flushing nmethod 0x00007f9078996e10
Event: 76.338 Thread 0x00007f9088202b40 flushing nmethod 0x00007f90789a2890
Event: 76.338 Thread 0x00007f9088202b40 flushing nmethod 0x00007f90789b4610
Event: 76.338 Thread 0x00007f9088202b40 flushing nmethod 0x00007f90789c3910
Event: 76.338 Thread 0x00007f9088202b40 flushing nmethod 0x00007f90789c5610
Event: 76.338 Thread 0x00007f9088202b40 flushing nmethod 0x00007f90789c6f90
Event: 76.338 Thread 0x00007f9088202b40 flushing nmethod 0x00007f90789c9490
Event: 76.338 Thread 0x00007f9088202b40 flushing nmethod 0x00007f9078a0ff10
Event: 76.338 Thread 0x00007f9088202b40 flushing nmethod 0x00007f9078a11f90
Event: 76.339 Thread 0x00007f9088202b40 flushing nmethod 0x00007f9078a16a90
Event: 76.360 Thread 0x00007f9088202b40 flushing nmethod 0x00007f9078b87590
Event: 76.361 Thread 0x00007f9088202b40 flushing nmethod 0x00007f9078c1ee90
Event: 76.361 Thread 0x00007f9088202b40 flushing nmethod 0x00007f9078c29590
Event: 76.361 Thread 0x00007f9088202b40 flushing nmethod 0x00007f9078c29a10
Event: 76.361 Thread 0x00007f9088202b40 flushing nmethod 0x00007f9078c2b190
Event: 76.361 Thread 0x00007f9088202b40 flushing nmethod 0x00007f9078c46610
Event: 76.361 Thread 0x00007f9088202b40 flushing nmethod 0x00007f9078c4ad90
Event: 76.361 Thread 0x00007f9088202b40 flushing nmethod 0x00007f9078c61610
Event: 76.361 Thread 0x00007f9088202b40 flushing nmethod 0x00007f9078c7d710
Event: 76.361 Thread 0x00007f9088202b40 flushing nmethod 0x00007f9078c7f490


Dynamic libraries:
00200000-00201000 r--p 00000000 07:14 64                                 /snap/android-studio/150/jbr/bin/java
00201000-00202000 r-xp 00000000 07:14 64                                 /snap/android-studio/150/jbr/bin/java
00202000-00203000 r--p 00000000 07:14 64                                 /snap/android-studio/150/jbr/bin/java
00203000-00204000 rw-p 00000000 07:14 64                                 /snap/android-studio/150/jbr/bin/java
01bdf000-01c27000 rw-p 00000000 00:00 0                                  [heap]
70ae00000-729800000 rw-p 00000000 00:00 0 
750a00000-800000000 ---p 00000000 00:00 0 
800000000-800040000 rw-p 00000000 00:00 0 
800040000-8000c0000 rw-p 00000000 00:00 0 
8000c0000-800140000 rw-p 00000000 00:00 0 
800140000-800180000 rw-p 00000000 00:00 0 
800180000-800300000 rw-p 00000000 00:00 0 
800300000-800af0000 rw-p 00000000 00:00 0 
800af0000-840000000 ---p 00000000 00:00 0 
7f8ffc000000-7f8ffc021000 rw-p 00000000 00:00 0 
7f8ffc021000-7f9000000000 ---p 00000000 00:00 0 
7f9000000000-7f9000021000 rw-p 00000000 00:00 0 
7f9000021000-7f9004000000 ---p 00000000 00:00 0 
7f9004000000-7f9004300000 rw-p 00000000 00:00 0 
7f9004300000-7f9004340000 rw-p 00000000 00:00 0 
7f9004340000-7f9004400000 ---p 00000000 00:00 0 
7f9004400000-7f9005ce0000 rw-p 00000000 00:00 0 
7f9005ce0000-7f9008000000 ---p 00000000 00:00 0 
7f9008000000-7f9008052000 rw-p 00000000 00:00 0 
7f9008052000-7f900c000000 ---p 00000000 00:00 0 
7f900c000000-7f900c021000 rw-p 00000000 00:00 0 
7f900c021000-7f9010000000 ---p 00000000 00:00 0 
7f9010000000-7f901003f000 rw-p 00000000 00:00 0 
7f901003f000-7f9014000000 ---p 00000000 00:00 0 
7f90177f6000-7f90177f7000 ---p 00000000 00:00 0 
7f90177f7000-7f90178f7000 rw-p 00000000 00:00 0 
7f90178f7000-7f90178f8000 ---p 00000000 00:00 0 
7f90178f8000-7f90179f8000 rw-p 00000000 00:00 0 
7f90179f8000-7f90179f9000 ---p 00000000 00:00 0 
7f90179f9000-7f9017dfe000 rw-p 00000000 00:00 0 
7f9017dfe000-7f9017dff000 ---p 00000000 00:00 0 
7f9017dff000-7f9017eff000 rw-p 00000000 00:00 0 
7f9017eff000-7f9017f00000 ---p 00000000 00:00 0 
7f9017f00000-7f9018000000 rw-p 00000000 00:00 0 
7f9018000000-7f9019dd8000 rw-p 00000000 00:00 0 
7f9019dd8000-7f901c000000 ---p 00000000 00:00 0 
7f901c000000-7f901c059000 rw-p 00000000 00:00 0 
7f901c059000-7f9020000000 ---p 00000000 00:00 0 
7f9020000000-7f9020021000 rw-p 00000000 00:00 0 
7f9020021000-7f9024000000 ---p 00000000 00:00 0 
7f9024000000-7f9024021000 rw-p 00000000 00:00 0 
7f9024021000-7f9028000000 ---p 00000000 00:00 0 
7f9028000000-7f9028091000 rw-p 00000000 00:00 0 
7f9028091000-7f902c000000 ---p 00000000 00:00 0 
7f902c000000-7f902c021000 rw-p 00000000 00:00 0 
7f902c021000-7f9030000000 ---p 00000000 00:00 0 
7f9030000000-7f9032319000 rw-p 00000000 00:00 0 
7f9032319000-7f9034000000 ---p 00000000 00:00 0 
7f9034000000-7f9035202000 rw-p 00000000 00:00 0 
7f9035202000-7f9038000000 ---p 00000000 00:00 0 
7f9038000000-7f9038021000 rw-p 00000000 00:00 0 
7f9038021000-7f903c000000 ---p 00000000 00:00 0 
7f903c000000-7f903c021000 rw-p 00000000 00:00 0 
7f903c021000-7f9040000000 ---p 00000000 00:00 0 
7f9040000000-7f9040021000 rw-p 00000000 00:00 0 
7f9040021000-7f9044000000 ---p 00000000 00:00 0 
7f9044000000-7f9044021000 rw-p 00000000 00:00 0 
7f9044021000-7f9048000000 ---p 00000000 00:00 0 
7f9048000000-7f9048497000 rw-p 00000000 00:00 0 
7f9048497000-7f904c000000 ---p 00000000 00:00 0 
7f904c000000-7f904c021000 rw-p 00000000 00:00 0 
7f904c021000-7f9050000000 ---p 00000000 00:00 0 
7f9050000000-7f9050500000 rw-p 00000000 00:00 0 
7f9050500000-7f9050580000 rw-p 00000000 00:00 0 
7f9050580000-7f9050600000 rw-p 00000000 00:00 0 
7f9050600000-7f9050680000 rw-p 00000000 00:00 0 
7f9050680000-7f9050700000 rw-p 00000000 00:00 0 
7f9050700000-7f9050980000 rw-p 00000000 00:00 0 
7f9050980000-7f9050a00000 rw-p 00000000 00:00 0 
7f9050a00000-7f9050d00000 rw-p 00000000 00:00 0 
7f9050d00000-7f9051100000 rw-p 00000000 00:00 0 
7f9051100000-7f9051200000 rw-p 00000000 00:00 0 
7f9051200000-7f90515c0000 rw-p 00000000 00:00 0 
7f90515c0000-7f9051680000 rw-p 00000000 00:00 0 
7f9051680000-7f9051700000 rw-p 00000000 00:00 0 
7f9051700000-7f9051ca0000 rw-p 00000000 00:00 0 
7f9051ca0000-7f9051d00000 rw-p 00000000 00:00 0 
7f9051d00000-7f9052100000 rw-p 00000000 00:00 0 
7f9052100000-7f9052200000 rw-p 00000000 00:00 0 
7f9052200000-7f9054000000 rw-p 00000000 00:00 0 
7f9054000000-7f905404d000 rw-p 00000000 00:00 0 
7f905404d000-7f9058000000 ---p 00000000 00:00 0 
7f9058000000-7f9058021000 rw-p 00000000 00:00 0 
7f9058021000-7f905c000000 ---p 00000000 00:00 0 
7f905c000000-7f905c021000 rw-p 00000000 00:00 0 
7f905c021000-7f9060000000 ---p 00000000 00:00 0 
7f9060000000-7f90600a6000 rw-p 00000000 00:00 0 
7f90600a6000-7f9064000000 ---p 00000000 00:00 0 
7f9064000000-7f906405d000 rw-p 00000000 00:00 0 
7f906405d000-7f9068000000 ---p 00000000 00:00 0 
7f906803e000-7f906803f000 ---p 00000000 00:00 0 
7f906803f000-7f906813f000 rw-p 00000000 00:00 0 
7f906813f000-7f9068141000 r-xp 00000000 08:01 12587703                   /lib/x86_64-linux-gnu/libutil-2.27.so
7f9068141000-7f9068340000 ---p 00002000 08:01 12587703                   /lib/x86_64-linux-gnu/libutil-2.27.so
7f9068340000-7f9068341000 r--p 00001000 08:01 12587703                   /lib/x86_64-linux-gnu/libutil-2.27.so
7f9068341000-7f9068342000 rw-p 00002000 08:01 12587703                   /lib/x86_64-linux-gnu/libutil-2.27.so
7f9068356000-7f9068359000 r-xp 00000000 08:01 10228487                   /tmp/libjansi-1.8.0-release-345(1.8.0)-5005997938000370024.so
7f9068359000-7f9068558000 ---p 00003000 08:01 10228487                   /tmp/libjansi-1.8.0-release-345(1.8.0)-5005997938000370024.so
7f9068558000-7f9068559000 rw-p 00002000 08:01 10228487                   /tmp/libjansi-1.8.0-release-345(1.8.0)-5005997938000370024.so
7f9068559000-7f906855d000 ---p 00000000 00:00 0 
7f906855d000-7f906868b000 rw-p 00000000 00:00 0 
7f906868b000-7f906868f000 ---p 00000000 00:00 0 
7f906868f000-7f906878c000 rw-p 00000000 00:00 0 
7f906878c000-7f906878d000 ---p 00000000 00:00 0 
7f906878d000-7f906888d000 rw-p 00000000 00:00 0 
7f906888d000-7f9068891000 ---p 00000000 00:00 0 
7f9068891000-7f906898e000 rw-p 00000000 00:00 0 
7f906898e000-7f9068992000 ---p 00000000 00:00 0 
7f9068992000-7f9068a8f000 rw-p 00000000 00:00 0 
7f9068a8f000-7f9068a93000 ---p 00000000 00:00 0 
7f9068a93000-7f9068b90000 rw-p 00000000 00:00 0 
7f9068b90000-7f9068b94000 ---p 00000000 00:00 0 
7f9068b94000-7f9068c91000 rw-p 00000000 00:00 0 
7f9068c91000-7f9068c95000 ---p 00000000 00:00 0 
7f9068c95000-7f9068d92000 rw-p 00000000 00:00 0 
7f9068d92000-7f9068d96000 ---p 00000000 00:00 0 
7f9068d96000-7f9068e93000 rw-p 00000000 00:00 0 
7f9068e93000-7f9068e97000 ---p 00000000 00:00 0 
7f9068e97000-7f9068f94000 rw-p 00000000 00:00 0 
7f9068f94000-7f9069272000 r--p 00000000 08:01 10363911                   /usr/lib/locale/locale-archive
7f9069272000-7f9069276000 ---p 00000000 00:00 0 
7f9069276000-7f9069373000 rw-p 00000000 00:00 0 
7f9069373000-7f9069377000 ---p 00000000 00:00 0 
7f9069377000-7f9069474000 rw-p 00000000 00:00 0 
7f9069474000-7f9069475000 ---p 00000000 00:00 0 
7f9069475000-7f906976b000 rw-p 00000000 00:00 0 
7f906976b000-7f906976c000 ---p 00000000 00:00 0 
7f906976c000-7f906986c000 rw-p 00000000 00:00 0 
7f906986c000-7f906986d000 ---p 00000000 00:00 0 
7f906986d000-7f906bd71000 rw-p 00000000 00:00 0 
7f906bd71000-7f906bd72000 ---p 00000000 00:00 0 
7f906bd72000-7f906be72000 rw-p 00000000 00:00 0 
7f906be72000-7f906be73000 ---p 00000000 00:00 0 
7f906be73000-7f906bf73000 rw-p 00000000 00:00 0 
7f906bf73000-7f906bf74000 ---p 00000000 00:00 0 
7f906bf74000-7f906c81c000 rw-p 00000000 00:00 0 
7f906c81c000-7f906fdbc000 ---p 00000000 00:00 0 
7f906fdbc000-7f907018c000 rw-p 00000000 00:00 0 
7f907018c000-7f9070564000 rw-p 00000000 00:00 0 
7f9070564000-7f9073b04000 ---p 00000000 00:00 0 
7f9073b04000-7f9073bf9000 rw-p 00000000 00:00 0 
7f9073bf9000-7f90742ad000 ---p 00000000 00:00 0 
7f90742ad000-7f90743a2000 rw-p 00000000 00:00 0 
7f90743a2000-7f9074a56000 ---p 00000000 00:00 0 
7f9074a56000-7f9074b4b000 rw-p 00000000 00:00 0 
7f9074b4b000-7f90751ff000 ---p 00000000 00:00 0 
7f90751ff000-7f9075622000 rw-p 00000000 00:00 0 
7f9075622000-7f90756ee000 ---p 00000000 00:00 0 
7f90756ee000-7f907904e000 rwxp 00000000 00:00 0 
7f907904e000-7f907cc25000 ---p 00000000 00:00 0 
7f907cc25000-7f907ce95000 rwxp 00000000 00:00 0 
7f907ce95000-7f907d1b6000 ---p 00000000 00:00 0 
7f907d1b6000-7f907e116000 rwxp 00000000 00:00 0 
7f907e116000-7f90846ee000 ---p 00000000 00:00 0 
7f90846ee000-7f90846f9000 r-xp 00000000 08:01 12583005                   /lib/x86_64-linux-gnu/libnss_files-2.27.so
7f90846f9000-7f90848f8000 ---p 0000b000 08:01 12583005                   /lib/x86_64-linux-gnu/libnss_files-2.27.so
7f90848f8000-7f90848f9000 r--p 0000a000 08:01 12583005                   /lib/x86_64-linux-gnu/libnss_files-2.27.so
7f90848f9000-7f90848fa000 rw-p 0000b000 08:01 12583005                   /lib/x86_64-linux-gnu/libnss_files-2.27.so
7f90848fa000-7f9084900000 rw-p 00000000 00:00 0 
7f9084900000-7f9084917000 r-xp 00000000 08:01 12583002                   /lib/x86_64-linux-gnu/libnsl-2.27.so
7f9084917000-7f9084b16000 ---p 00017000 08:01 12583002                   /lib/x86_64-linux-gnu/libnsl-2.27.so
7f9084b16000-7f9084b17000 r--p 00016000 08:01 12583002                   /lib/x86_64-linux-gnu/libnsl-2.27.so
7f9084b17000-7f9084b18000 rw-p 00017000 08:01 12583002                   /lib/x86_64-linux-gnu/libnsl-2.27.so
7f9084b18000-7f9084b1a000 rw-p 00000000 00:00 0 
7f9084b1a000-7f9088000000 r--s 00000000 07:14 473                        /snap/android-studio/150/jbr/lib/modules
7f9088000000-7f9089f73000 rw-p 00000000 00:00 0 
7f9089f73000-7f908c000000 ---p 00000000 00:00 0 
7f908c00b000-7f908c012000 r--p 00000000 07:14 464                        /snap/android-studio/150/jbr/lib/libnet.so
7f908c012000-7f908c01f000 r-xp 00006000 07:14 464                        /snap/android-studio/150/jbr/lib/libnet.so
7f908c01f000-7f908c020000 r--p 00012000 07:14 464                        /snap/android-studio/150/jbr/lib/libnet.so
7f908c020000-7f908c022000 rw-p 00012000 07:14 464                        /snap/android-studio/150/jbr/lib/libnet.so
7f908c022000-7f908c02d000 r--p 00000000 07:14 465                        /snap/android-studio/150/jbr/lib/libnio.so
7f908c02d000-7f908c035000 r-xp 0000a000 07:14 465                        /snap/android-studio/150/jbr/lib/libnio.so
7f908c035000-7f908c036000 r--p 00011000 07:14 465                        /snap/android-studio/150/jbr/lib/libnio.so
7f908c036000-7f908c037000 rw-p 00011000 07:14 465                        /snap/android-studio/150/jbr/lib/libnio.so
7f908c037000-7f908c0eb000 rw-p 00000000 00:00 0 
7f908c0eb000-7f908c163000 ---p 00000000 00:00 0 
7f908c163000-7f908c16e000 r-xp 00000000 08:01 12583007                   /lib/x86_64-linux-gnu/libnss_nis-2.27.so
7f908c16e000-7f908c36d000 ---p 0000b000 08:01 12583007                   /lib/x86_64-linux-gnu/libnss_nis-2.27.so
7f908c36d000-7f908c36e000 r--p 0000a000 08:01 12583007                   /lib/x86_64-linux-gnu/libnss_nis-2.27.so
7f908c36e000-7f908c36f000 rw-p 0000b000 08:01 12583007                   /lib/x86_64-linux-gnu/libnss_nis-2.27.so
7f908c36f000-7f908c377000 r-xp 00000000 08:01 12583003                   /lib/x86_64-linux-gnu/libnss_compat-2.27.so
7f908c377000-7f908c577000 ---p 00008000 08:01 12583003                   /lib/x86_64-linux-gnu/libnss_compat-2.27.so
7f908c577000-7f908c578000 r--p 00008000 08:01 12583003                   /lib/x86_64-linux-gnu/libnss_compat-2.27.so
7f908c578000-7f908c579000 rw-p 00009000 08:01 12583003                   /lib/x86_64-linux-gnu/libnss_compat-2.27.so
7f908c579000-7f908c580000 r-xp 00000000 08:01 12587701                   /lib/x86_64-linux-gnu/librt-2.27.so
7f908c580000-7f908c77f000 ---p 00007000 08:01 12587701                   /lib/x86_64-linux-gnu/librt-2.27.so
7f908c77f000-7f908c780000 r--p 00006000 08:01 12587701                   /lib/x86_64-linux-gnu/librt-2.27.so
7f908c780000-7f908c781000 rw-p 00007000 08:01 12587701                   /lib/x86_64-linux-gnu/librt-2.27.so
7f908c781000-7f908c91e000 r-xp 00000000 08:01 12582999                   /lib/x86_64-linux-gnu/libm-2.27.so
7f908c91e000-7f908cb1d000 ---p 0019d000 08:01 12582999                   /lib/x86_64-linux-gnu/libm-2.27.so
7f908cb1d000-7f908cb1e000 r--p 0019c000 08:01 12582999                   /lib/x86_64-linux-gnu/libm-2.27.so
7f908cb1e000-7f908cb1f000 rw-p 0019d000 08:01 12582999                   /lib/x86_64-linux-gnu/libm-2.27.so
7f908cb1f000-7f908d056000 r--p 00000000 07:14 483                        /snap/android-studio/150/jbr/lib/server/libjvm.so
7f908d056000-7f908dc2e000 r-xp 00536000 07:14 483                        /snap/android-studio/150/jbr/lib/server/libjvm.so
7f908dc2e000-7f908dcf0000 r--p 0110d000 07:14 483                        /snap/android-studio/150/jbr/lib/server/libjvm.so
7f908dcf0000-7f908dd19000 rw-p 011ce000 07:14 483                        /snap/android-studio/150/jbr/lib/server/libjvm.so
7f908dd19000-7f908dd8d000 rw-p 00000000 00:00 0 
7f908dd8d000-7f908df74000 r-xp 00000000 08:01 12582995                   /lib/x86_64-linux-gnu/libc-2.27.so
7f908df74000-7f908e174000 ---p 001e7000 08:01 12582995                   /lib/x86_64-linux-gnu/libc-2.27.so
7f908e174000-7f908e178000 r--p 001e7000 08:01 12582995                   /lib/x86_64-linux-gnu/libc-2.27.so
7f908e178000-7f908e17a000 rw-p 001eb000 08:01 12582995                   /lib/x86_64-linux-gnu/libc-2.27.so
7f908e17a000-7f908e17e000 rw-p 00000000 00:00 0 
7f908e17e000-7f908e181000 r-xp 00000000 08:01 12582998                   /lib/x86_64-linux-gnu/libdl-2.27.so
7f908e181000-7f908e380000 ---p 00003000 08:01 12582998                   /lib/x86_64-linux-gnu/libdl-2.27.so
7f908e380000-7f908e381000 r--p 00002000 08:01 12582998                   /lib/x86_64-linux-gnu/libdl-2.27.so
7f908e381000-7f908e382000 rw-p 00003000 08:01 12582998                   /lib/x86_64-linux-gnu/libdl-2.27.so
7f908e382000-7f908e39c000 r-xp 00000000 08:01 12587641                   /lib/x86_64-linux-gnu/libpthread-2.27.so
7f908e39c000-7f908e59b000 ---p 0001a000 08:01 12587641                   /lib/x86_64-linux-gnu/libpthread-2.27.so
7f908e59b000-7f908e59c000 r--p 00019000 08:01 12587641                   /lib/x86_64-linux-gnu/libpthread-2.27.so
7f908e59c000-7f908e59d000 rw-p 0001a000 08:01 12587641                   /lib/x86_64-linux-gnu/libpthread-2.27.so
7f908e59d000-7f908e5a1000 rw-p 00000000 00:00 0 
7f908e5a1000-7f908e5ca000 r-xp 00000000 08:01 12582928                   /lib/x86_64-linux-gnu/ld-2.27.so
7f908e5cd000-7f908e5d3000 r--p 00000000 07:14 471                        /snap/android-studio/150/jbr/lib/libverify.so
7f908e5d3000-7f908e5db000 r-xp 00005000 07:14 471                        /snap/android-studio/150/jbr/lib/libverify.so
7f908e5db000-7f908e5dd000 r--p 0000c000 07:14 471                        /snap/android-studio/150/jbr/lib/libverify.so
7f908e5dd000-7f908e5de000 rw-p 0000d000 07:14 471                        /snap/android-studio/150/jbr/lib/libverify.so
7f908e5de000-7f908e5e7000 r--p 00000000 07:14 472                        /snap/android-studio/150/jbr/lib/libzip.so
7f908e5e7000-7f908e5fc000 r-xp 00008000 07:14 472                        /snap/android-studio/150/jbr/lib/libzip.so
7f908e5fc000-7f908e5fe000 r--p 0001c000 07:14 472                        /snap/android-studio/150/jbr/lib/libzip.so
7f908e5fe000-7f908e5ff000 rw-p 0001d000 07:14 472                        /snap/android-studio/150/jbr/lib/libzip.so
7f908e5ff000-7f908e646000 rw-p 00000000 00:00 0 
7f908e646000-7f908e64d000 ---p 00000000 00:00 0 
7f908e64d000-7f908e65f000 r--p 00000000 07:14 451                        /snap/android-studio/150/jbr/lib/libjava.so
7f908e65f000-7f908e671000 r-xp 00011000 07:14 451                        /snap/android-studio/150/jbr/lib/libjava.so
7f908e671000-7f908e672000 r--p 00022000 07:14 451                        /snap/android-studio/150/jbr/lib/libjava.so
7f908e672000-7f908e674000 rw-p 00022000 07:14 451                        /snap/android-studio/150/jbr/lib/libjava.so
7f908e674000-7f908e67f000 r--p 00000000 07:14 455                        /snap/android-studio/150/jbr/lib/libjimage.so
7f908e67f000-7f908e694000 r-xp 0000a000 07:14 455                        /snap/android-studio/150/jbr/lib/libjimage.so
7f908e694000-7f908e696000 r--p 0001e000 07:14 455                        /snap/android-studio/150/jbr/lib/libjimage.so
7f908e696000-7f908e697000 rw-p 0001f000 07:14 455                        /snap/android-studio/150/jbr/lib/libjimage.so
7f908e697000-7f908e69b000 ---p 00000000 00:00 0 
7f908e69b000-7f908e79a000 rw-p 00000000 00:00 0 
7f908e79c000-7f908e7a3000 r--s 00000000 08:01 10622596                   /usr/lib/x86_64-linux-gnu/gconv/gconv-modules.cache
7f908e7a3000-7f908e7ab000 rw-s 00000000 08:01 10228485                   /tmp/hsperfdata_user/17349
7f908e7ab000-7f908e7ac000 ---p 00000000 00:00 0 
7f908e7ac000-7f908e7ad000 r--p 00000000 00:00 0 
7f908e7ad000-7f908e7ae000 ---p 00000000 00:00 0 
7f908e7ae000-7f908e7b7000 r--p 00000000 07:14 456                        /snap/android-studio/150/jbr/lib/libjli.so
7f908e7b7000-7f908e7c6000 r-xp 00008000 07:14 456                        /snap/android-studio/150/jbr/lib/libjli.so
7f908e7c6000-7f908e7c7000 r--p 00016000 07:14 456                        /snap/android-studio/150/jbr/lib/libjli.so
7f908e7c7000-7f908e7c8000 rw-p 00016000 07:14 456                        /snap/android-studio/150/jbr/lib/libjli.so
7f908e7c8000-7f908e7ca000 rw-p 00000000 00:00 0 
7f908e7ca000-7f908e7cb000 r--p 00029000 08:01 12582928                   /lib/x86_64-linux-gnu/ld-2.27.so
7f908e7cb000-7f908e7cc000 rw-p 0002a000 08:01 12582928                   /lib/x86_64-linux-gnu/ld-2.27.so
7f908e7cc000-7f908e7cd000 rw-p 00000000 00:00 0 
7ffcd7f5f000-7ffcd7f80000 rw-p 00000000 00:00 0                          [stack]
7ffcd7fd4000-7ffcd7fd7000 r--p 00000000 00:00 0                          [vvar]
7ffcd7fd7000-7ffcd7fd9000 r-xp 00000000 00:00 0                          [vdso]
ffffffffff600000-ffffffffff601000 r-xp 00000000 00:00 0                  [vsyscall]


VM Arguments:
java_command: org.jetbrains.kotlin.cli.jvm.K2JVMCompiler @/home/user/AndroidStudioProjects/ShindindiDatingApp/app/build/20240312_9254362717513211160.compiler.options
java_class_path (initial): /home/user/Android/Sdk/caches/modules-2/files-2.1/org.jetbrains.kotlin/kotlin-compiler-embeddable/1.8.0/eb9118d4bcceaa2a94b2ae2a33a4ddba7c9a947f/kotlin-compiler-embeddable-1.8.0.jar:/home/user/Android/Sdk/caches/modules-2/files-2.1/org.jetbrains.kotlin/kotlin-stdlib/1.8.0/1796921c7a3e2e2665a83e6c8d33399336cd39bc/kotlin-stdlib-1.8.0.jar:/home/user/Android/Sdk/caches/modules-2/files-2.1/org.jetbrains.kotlin/kotlin-script-runtime/1.8.0/b2f7e760d283cb339974851c222a4c1d48f2d3d/kotlin-script-runtime-1.8.0.jar:/home/user/Android/Sdk/caches/modules-2/files-2.1/org.jetbrains.kotlin/kotlin-reflect/1.6.10/1cbe9c92c12a94eea200d23c2bbaedaf3daf5132/kotlin-reflect-1.6.10.jar:/home/user/Android/Sdk/caches/modules-2/files-2.1/org.jetbrains.kotlin/kotlin-daemon-embeddable/1.8.0/d255216c551685dc3a7e852b53617f5f01aaaa5c/kotlin-daemon-embeddable-1.8.0.jar:/home/user/Android/Sdk/caches/modules-2/files-2.1/org.jetbrains.intellij.deps/trove4j/1.0.20200330/3afb14d5f9ceb459d724e907a21145e8ff394f02/trove4j-1.0.20200330.jar:/home/user/Android/Sdk/caches/modules-2/files-2.1/net.java.dev.jna/jna/5.6.0/330f2244e9030119ab3030fc3fededc86713d9cc/jna-5.6.0.jar:/home/user/Android/Sdk/caches/modules-2/files-2.1/org.jetbrains.kotlin/kotlin-stdlib-common/1.8.0/f7197e7cc76453ac59f8b0f8d5137cc600becd36/kotlin-stdlib-common-1.8.0.jar:/home/user/Android/Sdk/caches/modules-2/files-2.1/org.jetbrains/annotations/13.0/919f0dfe192fb4e063e7dacadee7f8bb9a2672a9/annotations-13.0.jar
Launcher Type: SUN_STANDARD

[Global flags]
     intx CICompilerCount                          = 3                                         {product} {ergonomic}
     uint ConcGCThreads                            = 1                                         {product} {ergonomic}
     uint G1ConcRefinementThreads                  = 4                                         {product} {ergonomic}
   size_t G1HeapRegionSize                         = 2097152                                   {product} {ergonomic}
    uintx GCDrainStackTargetSize                   = 64                                        {product} {ergonomic}
   size_t InitialHeapSize                          = 257949696                                 {product} {ergonomic}
   size_t MarkStackSize                            = 4194304                                   {product} {ergonomic}
   size_t MaxHeapSize                              = 4112515072                                {product} {ergonomic}
   size_t MaxNewSize                               = 2466250752                                {product} {ergonomic}
   size_t MinHeapDeltaBytes                        = 2097152                                   {product} {ergonomic}
   size_t MinHeapSize                              = 8388608                                   {product} {ergonomic}
    uintx NonNMethodCodeHeapSize                   = 5832780                                {pd product} {ergonomic}
    uintx NonProfiledCodeHeapSize                  = 122912730                              {pd product} {ergonomic}
    uintx ProfiledCodeHeapSize                     = 122912730                              {pd product} {ergonomic}
    uintx ReservedCodeCacheSize                    = 251658240                              {pd product} {ergonomic}
     bool SegmentedCodeCache                       = true                                      {product} {ergonomic}
   size_t SoftMaxHeapSize                          = 4112515072                             {manageable} {ergonomic}
     bool UseCompressedClassPointers               = true                           {product lp64_product} {ergonomic}
     bool UseCompressedOops                        = true                           {product lp64_product} {ergonomic}
     bool UseG1GC                                  = true                                      {product} {ergonomic}

Logging:
Log output configuration:
 #0: stdout all=warning uptime,level,tags
 #1: stderr all=off uptime,level,tags

Environment Variables:
JAVA_HOME=/home/user/jdk-19_linux-x64_bin/jdk-19.0.1
PATH=/home/user/jdk-19_linux-x64_bin/jdk-19.0.1/bin:/usr/local/sbin:/usr/local/bin:/usr/sbin:/usr/bin:/sbin:/bin:/usr/games:/usr/local/games:/snap/bin
USERNAME=user
SHELL=/bin/bash
DISPLAY=:0
LANG=en_IN

Active Locale:
LC_ALL=en_IN
LC_COLLATE=en_IN
LC_CTYPE=en_IN
LC_MESSAGES=en_IN
LC_MONETARY=en_IN
LC_NUMERIC=en_IN
LC_TIME=en_IN

Signal Handlers:
   SIGSEGV: crash_handler in libjvm.so, mask=11100100010111111101111111111110, flags=SA_RESTART|SA_SIGINFO, unblocked
    SIGBUS: crash_handler in libjvm.so, mask=11100100010111111101111111111110, flags=SA_RESTART|SA_SIGINFO, unblocked
    SIGFPE: crash_handler in libjvm.so, mask=11100100010111111101111111111110, flags=SA_RESTART|SA_SIGINFO, unblocked
   SIGPIPE: javaSignalHandler in libjvm.so, mask=11100100010111111101111111111110, flags=SA_RESTART|SA_SIGINFO, unblocked
   SIGXFSZ: javaSignalHandler in libjvm.so, mask=11100100010111111101111111111110, flags=SA_RESTART|SA_SIGINFO, unblocked
    SIGILL: crash_handler in libjvm.so, mask=11100100010111111101111111111110, flags=SA_RESTART|SA_SIGINFO, unblocked
   SIGUSR2: SR_handler in libjvm.so, mask=00100000000000000000000000000000, flags=SA_RESTART|SA_SIGINFO, unblocked
    SIGHUP: UserHandler in libjvm.so, mask=11100100010111111101111111111110, flags=SA_RESTART|SA_SIGINFO, unblocked
    SIGINT: UserHandler in libjvm.so, mask=11100100010111111101111111111110, flags=SA_RESTART|SA_SIGINFO, unblocked
   SIGTERM: UserHandler in libjvm.so, mask=11100100010111111101111111111110, flags=SA_RESTART|SA_SIGINFO, unblocked
   SIGQUIT: UserHandler in libjvm.so, mask=11100100010111111101111111111110, flags=SA_RESTART|SA_SIGINFO, unblocked
   SIGTRAP: crash_handler in libjvm.so, mask=11100100010111111101111111111110, flags=SA_RESTART|SA_SIGINFO, unblocked


Periodic native trim disabled

JNI global refs:
JNI global refs: 11, weak refs: 12

JNI global refs memory usage: 867, weak refs: 865

OOME stack traces (most recent first):
Classloader memory used:
Loader jdk.internal.loader.ClassLoaders$AppClassLoader                                 : 11111K
Loader bootstrap                                                                       : 1787K
Loader jdk.internal.reflect.DelegatingClassLoader                                      : 107K
Loader java.net.URLClassLoader                                                         : 90733B
Loader jdk.internal.loader.ClassLoaders$PlatformClassLoader                            : 36958B


---------------  S Y S T E M  ---------------

OS:
DISTRIB_ID=Ubuntu
DISTRIB_RELEASE=18.04
DISTRIB_CODENAME=bionic
DISTRIB_DESCRIPTION="Ubuntu 18.04.1 LTS"
uname: Linux 4.15.0-213-generic #224-Ubuntu SMP Mon Jun 19 13:30:12 UTC 2023 x86_64
OS uptime: 1 days 6:05 hours
libc: glibc 2.27 NPTL 2.27 
rlimit (soft/hard): STACK 8192k/infinity , CORE 0k/infinity , NPROC 62478/62478 , NOFILE 1048576/1048576 , AS infinity/infinity , CPU infinity/infinity , DATA infinity/infinity , FSIZE infinity/infinity , MEMLOCK 65536k/65536k
load average: 7.35 5.16 3.84

/proc/meminfo:
MemTotal:       16061468 kB
MemFree:          164844 kB
MemAvailable:     449968 kB
Buffers:          118204 kB
Cached:          1347568 kB
SwapCached:         6592 kB
Active:         13897692 kB
Inactive:        1481100 kB
Active(anon):   13657012 kB
Inactive(anon):  1241588 kB
Active(file):     240680 kB
Inactive(file):   239512 kB
Unevictable:          64 kB
Mlocked:              64 kB
SwapTotal:       2097148 kB
SwapFree:              0 kB
Dirty:             12932 kB
Writeback:             0 kB
AnonPages:      13907200 kB
Mapped:           594108 kB
Shmem:            985556 kB
Slab:             233144 kB
SReclaimable:     113964 kB
SUnreclaim:       119180 kB
KernelStack:       32048 kB
PageTables:       151476 kB
NFS_Unstable:          0 kB
Bounce:                0 kB
WritebackTmp:          0 kB
CommitLimit:    10127880 kB
Committed_AS:   32866188 kB
VmallocTotal:   34359738367 kB
VmallocUsed:           0 kB
VmallocChunk:          0 kB
HardwareCorrupted:     0 kB
AnonHugePages:         0 kB
ShmemHugePages:        0 kB
ShmemPmdMapped:        0 kB
CmaTotal:              0 kB
CmaFree:               0 kB
HugePages_Total:       0
HugePages_Free:        0
HugePages_Rsvd:        0
HugePages_Surp:        0
Hugepagesize:       2048 kB
DirectMap4k:      551308 kB
DirectMap2M:    15857664 kB
DirectMap1G:           0 kB

/sys/kernel/mm/transparent_hugepage/enabled: always [madvise] never
/sys/kernel/mm/transparent_hugepage/defrag (defrag/compaction efforts parameter): always defer defer+madvise [madvise] never

Process Memory:
Virtual Size: 6765364K (peak: 7407488K)
Resident Set Size: 839524K (peak: 839608K) (anon: 825880K, file: 13644K, shmem: 0K)
Swapped out: 0K
C-Heap outstanding allocations: 91409K, retained: 48886K
glibc malloc tunables: (default)

/proc/sys/kernel/threads-max (system-wide limit on the number of threads): 124957
/proc/sys/vm/max_map_count (maximum number of memory map areas a process may have): 65530
/proc/sys/kernel/pid_max (system-wide limit on number of process identifiers): 32768

container (cgroup) information:
container_type: cgroupv1
cpu_cpuset_cpus: 0-3
cpu_memory_nodes: 0
active_processor_count: 4
cpu_quota: no quota
cpu_period: 100000
cpu_shares: no shares
memory_limit_in_bytes: unlimited
memory_and_swap_limit_in_bytes: not supported
memory_soft_limit_in_bytes: unlimited
memory_usage_in_bytes: 15376852 k
memory_max_usage_in_bytes: 38600 k
kernel_memory_usage_in_bytes: unlimited
kernel_memory_max_usage_in_bytes: unlimited
kernel_memory_limit_in_bytes: unlimited
maximum number of tasks: unlimited
current number of tasks: 1527

Steal ticks since vm start: 0
Steal ticks percentage since vm start:  0.000

CPU: total 4 (initial active 4) (2 cores per cpu, 2 threads per core) family 6 model 78 stepping 3 microcode 0xf0, cx8, cmov, fxsr, ht, mmx, 3dnowpref, sse, sse2, sse3, ssse3, sse4.1, sse4.2, popcnt, lzcnt, tsc, tscinvbit, avx, avx2, aes, erms, clmul, bmi1, bmi2, rtm, adx, fma, vzeroupper, clflush, clflushopt
CPU Model and flags from /proc/cpuinfo:
model name	: Intel(R) Core(TM) i5-6300U CPU @ 2.40GHz
flags		: fpu vme de pse tsc msr pae mce cx8 apic sep mtrr pge mca cmov pat pse36 clflush dts acpi mmx fxsr sse sse2 ss ht tm pbe syscall nx pdpe1gb rdtscp lm constant_tsc art arch_perfmon pebs bts rep_good nopl xtopology nonstop_tsc cpuid aperfmperf pni pclmulqdq dtes64 monitor ds_cpl vmx smx est tm2 ssse3 sdbg fma cx16 xtpr pdcm pcid sse4_1 sse4_2 x2apic movbe popcnt tsc_deadline_timer aes xsave avx f16c rdrand lahf_lm abm 3dnowprefetch cpuid_fault epb invpcid_single pti ssbd ibrs ibpb stibp tpr_shadow vnmi flexpriority ept vpid fsgsbase tsc_adjust bmi1 hle avx2 smep bmi2 erms invpcid rtm mpx rdseed adx smap clflushopt intel_pt xsaveopt xsavec xgetbv1 xsaves dtherm ida arat pln pts hwp hwp_notify hwp_act_window hwp_epp md_clear flush_l1d arch_capabilities

Online cpus: 0-3
Offline cpus: 
BIOS frequency limitation: <Not Available>
Frequency switch latency (ns): 0
Available cpu frequencies: <Not Available>
Current governor: powersave
Core performance/turbo boost: <Not Available>

Memory: 4k page, physical 16061468k(164224k free), swap 2097148k(0k free)
Page Sizes: 4k

vm_info: OpenJDK 64-Bit Server VM (17.0.9+0-17.0.9b1087.7-11185874) for linux-amd64 JRE (17.0.9+0-17.0.9b1087.7-11185874), built on Dec  6 2023 18:35:35 by "androidbuild" with clang Android (8508608, based on r450784e) Clang 14.0.7 (https://android.googlesource.com/toolchain/llvm-project 4c603efb0cca074e9238af8b4106c30add4418f6)

END.
